1.01638 OnOffHelper 2048
1.03277 OnOffHelper 2048
1.04915 OnOffHelper 2048
1.06554 OnOffHelper 2048
1.08192 OnOffHelper 2048
1.0983 OnOffHelper 2048
1.11469 OnOffHelper 2048
1.13107 OnOffHelper 2048
1.14746 OnOffHelper 2048
1.16384 OnOffHelper 2048
1.18022 OnOffHelper 2048
1.19661 OnOffHelper 2048
1.21299 OnOffHelper 2048
1.22938 OnOffHelper 2048
1.24576 OnOffHelper 2048
1.26214 OnOffHelper 2048
1.27853 OnOffHelper 2048
1.29491 OnOffHelper 2048
1.3113 OnOffHelper 2048
1.32768 OnOffHelper 2048
1.34406 OnOffHelper 2048
1.36045 OnOffHelper 2048
1.37683 OnOffHelper 2048
1.39322 OnOffHelper 2048
1.4096 OnOffHelper 2048
1.42598 OnOffHelper 2048
1.44237 OnOffHelper 2048
1.45875 OnOffHelper 2048
1.47514 OnOffHelper 2048
1.49152 OnOffHelper 2048
1.5079 OnOffHelper 2048
1.52429 OnOffHelper 2048
1.54067 OnOffHelper 2048
1.55706 OnOffHelper 2048
1.57344 OnOffHelper 2048
1.58982 OnOffHelper 2048
1.60621 OnOffHelper 2048
1.62259 OnOffHelper 2048
1.63898 OnOffHelper 2048
1.65536 OnOffHelper 2048
1.67174 OnOffHelper 2048
1.68813 OnOffHelper 2048
1.70451 OnOffHelper 2048
1.7209 OnOffHelper 2048
1.73728 OnOffHelper 2048
1.75366 OnOffHelper 2048
1.77005 OnOffHelper 2048
1.78643 OnOffHelper 2048
1.80282 OnOffHelper 2048
1.8192 OnOffHelper 2048
1.83558 OnOffHelper 2048
1.85197 OnOffHelper 2048
1.86835 OnOffHelper 2048
1.88474 OnOffHelper 2048
1.90112 OnOffHelper 2048
1.9175 OnOffHelper 2048
1.93389 OnOffHelper 2048
1.95027 OnOffHelper 2048
1.96666 OnOffHelper 2048
1.98304 OnOffHelper 2048
1.99942 OnOffHelper 2048
2.01581 OnOffHelper 2048
2.03219 OnOffHelper 2048
2.04858 OnOffHelper 2048
2.06496 OnOffHelper 2048
2.08134 OnOffHelper 2048
2.09773 OnOffHelper 2048
2.11411 OnOffHelper 2048
2.1305 OnOffHelper 2048
2.14688 OnOffHelper 2048
2.16326 OnOffHelper 2048
2.17965 OnOffHelper 2048
2.19603 OnOffHelper 2048
2.21242 OnOffHelper 2048
2.2288 OnOffHelper 2048
2.24519 OnOffHelper 2048
2.26157 OnOffHelper 2048
2.27795 OnOffHelper 2048
2.29434 OnOffHelper 2048
2.31072 OnOffHelper 2048
2.3271 OnOffHelper 2048
2.34349 OnOffHelper 2048
2.35987 OnOffHelper 2048
2.37626 OnOffHelper 2048
2.39264 OnOffHelper 2048
2.40903 OnOffHelper 2048
2.42541 OnOffHelper 2048
2.44179 OnOffHelper 2048
2.45818 OnOffHelper 2048
2.47456 OnOffHelper 2048
2.49094 OnOffHelper 2048
2.50733 OnOffHelper 2048
2.52371 OnOffHelper 2048
2.5401 OnOffHelper 2048
2.55648 OnOffHelper 2048
2.57287 OnOffHelper 2048
2.58925 OnOffHelper 2048
2.60563 OnOffHelper 2048
2.62202 OnOffHelper 2048
2.6384 OnOffHelper 2048
2.65478 OnOffHelper 2048
2.67117 OnOffHelper 2048
2.68755 OnOffHelper 2048
2.70394 OnOffHelper 2048
2.72032 OnOffHelper 2048
2.73671 OnOffHelper 2048
2.75309 OnOffHelper 2048
2.76947 OnOffHelper 2048
2.78586 OnOffHelper 2048
2.80224 OnOffHelper 2048
2.81862 OnOffHelper 2048
2.83501 OnOffHelper 2048
2.85139 OnOffHelper 2048
2.86778 OnOffHelper 2048
2.88416 OnOffHelper 2048
2.90055 OnOffHelper 2048
2.91693 OnOffHelper 2048
2.93331 OnOffHelper 2048
2.9497 OnOffHelper 2048
2.96608 OnOffHelper 2048
2.98246 OnOffHelper 2048
2.99885 OnOffHelper 2048
3.01523 OnOffHelper 2048
3.03162 OnOffHelper 2048
3.048 OnOffHelper 2048
3.06439 OnOffHelper 2048
3.08077 OnOffHelper 2048
3.09715 OnOffHelper 2048
3.11354 OnOffHelper 2048
3.12992 OnOffHelper 2048
3.14631 OnOffHelper 2048
3.16269 OnOffHelper 2048
3.17907 OnOffHelper 2048
3.19546 OnOffHelper 2048
3.21184 OnOffHelper 2048
3.22823 OnOffHelper 2048
3.24461 OnOffHelper 2048
3.26099 OnOffHelper 2048
3.27738 OnOffHelper 2048
3.29376 OnOffHelper 2048
3.31015 OnOffHelper 2048
3.32653 OnOffHelper 2048
3.34291 OnOffHelper 2048
3.3593 OnOffHelper 2048
3.37568 OnOffHelper 2048
3.39207 OnOffHelper 2048
3.40845 OnOffHelper 2048
3.42483 OnOffHelper 2048
3.44122 OnOffHelper 2048
3.4576 OnOffHelper 2048
3.47399 OnOffHelper 2048
3.49037 OnOffHelper 2048
3.50675 OnOffHelper 2048
3.52314 OnOffHelper 2048
3.53952 OnOffHelper 2048
3.55591 OnOffHelper 2048
3.57229 OnOffHelper 2048
3.58867 OnOffHelper 2048
3.60506 OnOffHelper 2048
3.62144 OnOffHelper 2048
3.63783 OnOffHelper 2048
3.65421 OnOffHelper 2048
3.67059 OnOffHelper 2048
3.68698 OnOffHelper 2048
3.70336 OnOffHelper 2048
3.71975 OnOffHelper 2048
3.73613 OnOffHelper 2048
3.75251 OnOffHelper 2048
3.7689 OnOffHelper 2048
3.78528 OnOffHelper 2048
3.80167 OnOffHelper 2048
3.81805 OnOffHelper 2048
3.83443 OnOffHelper 2048
3.85082 OnOffHelper 2048
3.8672 OnOffHelper 2048
3.88359 OnOffHelper 2048
3.89997 OnOffHelper 2048
3.91635 OnOffHelper 2048
3.93274 OnOffHelper 2048
3.94912 OnOffHelper 2048
3.96551 OnOffHelper 2048
3.98189 OnOffHelper 2048
3.99827 OnOffHelper 2048
4.01466 OnOffHelper 2048
4.03104 OnOffHelper 2048
4.04743 OnOffHelper 2048
4.06381 OnOffHelper 2048
4.08019 OnOffHelper 2048
4.09658 OnOffHelper 2048
4.11296 OnOffHelper 2048
4.12935 OnOffHelper 2048
4.14573 OnOffHelper 2048
4.16212 OnOffHelper 2048
4.1785 OnOffHelper 2048
4.19488 OnOffHelper 2048
4.21127 OnOffHelper 2048
4.22765 OnOffHelper 2048
4.24404 OnOffHelper 2048
4.26042 OnOffHelper 2048
4.2768 OnOffHelper 2048
4.29319 OnOffHelper 2048
4.30957 OnOffHelper 2048
4.32596 OnOffHelper 2048
4.34234 OnOffHelper 2048
4.35872 OnOffHelper 2048
4.37511 OnOffHelper 2048
4.39149 OnOffHelper 2048
4.40787 OnOffHelper 2048
4.42426 OnOffHelper 2048
4.44064 OnOffHelper 2048
4.45703 OnOffHelper 2048
4.47341 OnOffHelper 2048
4.48979 OnOffHelper 2048
4.50618 OnOffHelper 2048
4.52256 OnOffHelper 2048
4.53895 OnOffHelper 2048
4.55533 OnOffHelper 2048
4.57172 OnOffHelper 2048
4.5881 OnOffHelper 2048
4.60448 OnOffHelper 2048
4.62087 OnOffHelper 2048
4.63725 OnOffHelper 2048
4.65364 OnOffHelper 2048
4.67002 OnOffHelper 2048
4.6864 OnOffHelper 2048
4.70279 OnOffHelper 2048
4.71917 OnOffHelper 2048
4.73555 OnOffHelper 2048
4.75194 OnOffHelper 2048
4.76832 OnOffHelper 2048
4.78471 OnOffHelper 2048
4.80109 OnOffHelper 2048
4.81747 OnOffHelper 2048
4.83386 OnOffHelper 2048
4.85024 OnOffHelper 2048
4.86663 OnOffHelper 2048
4.88301 OnOffHelper 2048
4.8994 OnOffHelper 2048
4.91578 OnOffHelper 2048
4.93216 OnOffHelper 2048
4.94855 OnOffHelper 2048
4.96493 OnOffHelper 2048
4.98132 OnOffHelper 2048
4.9977 OnOffHelper 2048
5.01408 OnOffHelper 2048
5.03047 OnOffHelper 2048
5.04685 OnOffHelper 2048
5.06324 OnOffHelper 2048
5.07962 OnOffHelper 2048
5.096 OnOffHelper 2048
5.11239 OnOffHelper 2048
5.12877 OnOffHelper 2048
5.14516 OnOffHelper 2048
5.16154 OnOffHelper 2048
5.17792 OnOffHelper 2048
5.19431 OnOffHelper 2048
5.21069 OnOffHelper 2048
5.22708 OnOffHelper 2048
5.24346 OnOffHelper 2048
5.25984 OnOffHelper 2048
5.27623 OnOffHelper 2048
5.29261 OnOffHelper 2048
5.309 OnOffHelper 2048
5.32538 OnOffHelper 2048
5.34176 OnOffHelper 2048
5.35815 OnOffHelper 2048
5.37453 OnOffHelper 2048
5.39092 OnOffHelper 2048
5.4073 OnOffHelper 2048
5.42368 OnOffHelper 2048
5.44007 OnOffHelper 2048
5.45645 OnOffHelper 2048
5.47284 OnOffHelper 2048
5.48922 OnOffHelper 2048
5.5056 OnOffHelper 2048
5.52199 OnOffHelper 2048
5.53837 OnOffHelper 2048
5.55476 OnOffHelper 2048
5.57114 OnOffHelper 2048
5.58752 OnOffHelper 2048
5.60391 OnOffHelper 2048
5.62029 OnOffHelper 2048
5.63668 OnOffHelper 2048
5.65306 OnOffHelper 2048
5.66944 OnOffHelper 2048
5.68583 OnOffHelper 2048
5.70221 OnOffHelper 2048
5.7186 OnOffHelper 2048
5.73498 OnOffHelper 2048
5.75136 OnOffHelper 2048
5.76775 OnOffHelper 2048
5.78413 OnOffHelper 2048
5.80052 OnOffHelper 2048
5.8169 OnOffHelper 2048
5.83328 OnOffHelper 2048
5.84967 OnOffHelper 2048
5.86605 OnOffHelper 2048
5.88244 OnOffHelper 2048
5.89882 OnOffHelper 2048
5.9152 OnOffHelper 2048
5.93159 OnOffHelper 2048
5.94797 OnOffHelper 2048
5.96436 OnOffHelper 2048
5.98074 OnOffHelper 2048
5.99712 OnOffHelper 2048
6.01351 OnOffHelper 2048
6.02989 OnOffHelper 2048
6.04628 OnOffHelper 2048
6.06266 OnOffHelper 2048
6.07904 OnOffHelper 2048
6.09543 OnOffHelper 2048
6.11181 OnOffHelper 2048
6.1282 OnOffHelper 2048
6.14458 OnOffHelper 2048
6.16097 OnOffHelper 2048
6.17735 OnOffHelper 2048
6.19373 OnOffHelper 2048
6.21012 OnOffHelper 2048
6.2265 OnOffHelper 2048
6.24289 OnOffHelper 2048
6.25927 OnOffHelper 2048
6.27565 OnOffHelper 2048
6.29204 OnOffHelper 2048
6.30842 OnOffHelper 2048
6.3248 OnOffHelper 2048
6.34119 OnOffHelper 2048
6.35757 OnOffHelper 2048
6.37396 OnOffHelper 2048
6.39034 OnOffHelper 2048
6.40672 OnOffHelper 2048
6.42311 OnOffHelper 2048
6.43949 OnOffHelper 2048
6.45588 OnOffHelper 2048
6.47226 OnOffHelper 2048
6.48864 OnOffHelper 2048
6.50503 OnOffHelper 2048
6.52141 OnOffHelper 2048
6.5378 OnOffHelper 2048
6.55418 OnOffHelper 2048
6.57057 OnOffHelper 2048
6.58695 OnOffHelper 2048
6.60333 OnOffHelper 2048
6.61972 OnOffHelper 2048
6.6361 OnOffHelper 2048
6.65249 OnOffHelper 2048
6.66887 OnOffHelper 2048
6.68525 OnOffHelper 2048
6.70164 OnOffHelper 2048
6.71802 OnOffHelper 2048
6.7344 OnOffHelper 2048
6.75079 OnOffHelper 2048
6.76717 OnOffHelper 2048
6.78356 OnOffHelper 2048
6.79994 OnOffHelper 2048
6.81632 OnOffHelper 2048
6.83271 OnOffHelper 2048
6.84909 OnOffHelper 2048
6.86548 OnOffHelper 2048
6.88186 OnOffHelper 2048
6.89825 OnOffHelper 2048
6.91463 OnOffHelper 2048
6.93101 OnOffHelper 2048
6.9474 OnOffHelper 2048
6.96378 OnOffHelper 2048
6.98017 OnOffHelper 2048
6.99655 OnOffHelper 2048
7.01293 OnOffHelper 2048
7.02932 OnOffHelper 2048
7.0457 OnOffHelper 2048
7.06209 OnOffHelper 2048
7.07847 OnOffHelper 2048
7.09485 OnOffHelper 2048
7.11124 OnOffHelper 2048
7.12762 OnOffHelper 2048
7.14401 OnOffHelper 2048
7.16039 OnOffHelper 2048
7.17677 OnOffHelper 2048
7.19316 OnOffHelper 2048
7.20954 OnOffHelper 2048
7.22593 OnOffHelper 2048
7.24231 OnOffHelper 2048
7.25869 OnOffHelper 2048
7.27508 OnOffHelper 2048
7.29146 OnOffHelper 2048
7.30785 OnOffHelper 2048
7.32423 OnOffHelper 2048
7.34061 OnOffHelper 2048
7.357 OnOffHelper 2048
7.37338 OnOffHelper 2048
7.38977 OnOffHelper 2048
7.40615 OnOffHelper 2048
7.42253 OnOffHelper 2048
7.43892 OnOffHelper 2048
7.4553 OnOffHelper 2048
7.47169 OnOffHelper 2048
7.48807 OnOffHelper 2048
7.50445 OnOffHelper 2048
7.52084 OnOffHelper 2048
7.53722 OnOffHelper 2048
7.55361 OnOffHelper 2048
7.56999 OnOffHelper 2048
7.58637 OnOffHelper 2048
7.60276 OnOffHelper 2048
7.61914 OnOffHelper 2048
7.63553 OnOffHelper 2048
7.65191 OnOffHelper 2048
7.66829 OnOffHelper 2048
7.68468 OnOffHelper 2048
7.70106 OnOffHelper 2048
7.71745 OnOffHelper 2048
7.73383 OnOffHelper 2048
7.75021 OnOffHelper 2048
7.7666 OnOffHelper 2048
7.78298 OnOffHelper 2048
7.79937 OnOffHelper 2048
7.81575 OnOffHelper 2048
7.83213 OnOffHelper 2048
7.84852 OnOffHelper 2048
7.8649 OnOffHelper 2048
7.88129 OnOffHelper 2048
7.89767 OnOffHelper 2048
7.91405 OnOffHelper 2048
7.93044 OnOffHelper 2048
7.94682 OnOffHelper 2048
7.96321 OnOffHelper 2048
7.97959 OnOffHelper 2048
7.99597 OnOffHelper 2048
8.01236 OnOffHelper 2048
8.02874 OnOffHelper 2048
8.04513 OnOffHelper 2048
8.06151 OnOffHelper 2048
8.07789 OnOffHelper 2048
8.09428 OnOffHelper 2048
8.11066 OnOffHelper 2048
8.12705 OnOffHelper 2048
8.14343 OnOffHelper 2048
8.15982 OnOffHelper 2048
8.1762 OnOffHelper 2048
8.19258 OnOffHelper 2048
8.20897 OnOffHelper 2048
8.22535 OnOffHelper 2048
8.24174 OnOffHelper 2048
8.25812 OnOffHelper 2048
8.2745 OnOffHelper 2048
8.29089 OnOffHelper 2048
8.30727 OnOffHelper 2048
8.32366 OnOffHelper 2048
8.34004 OnOffHelper 2048
8.35642 OnOffHelper 2048
8.37281 OnOffHelper 2048
8.38919 OnOffHelper 2048
8.40558 OnOffHelper 2048
8.42196 OnOffHelper 2048
8.43834 OnOffHelper 2048
8.45473 OnOffHelper 2048
8.47111 OnOffHelper 2048
8.48749 OnOffHelper 2048
8.50388 OnOffHelper 2048
8.52026 OnOffHelper 2048
8.53665 OnOffHelper 2048
8.55303 OnOffHelper 2048
8.56941 OnOffHelper 2048
8.5858 OnOffHelper 2048
8.60218 OnOffHelper 2048
8.61857 OnOffHelper 2048
8.63495 OnOffHelper 2048
8.65133 OnOffHelper 2048
8.66772 OnOffHelper 2048
8.6841 OnOffHelper 2048
8.70049 OnOffHelper 2048
8.71687 OnOffHelper 2048
8.73325 OnOffHelper 2048
8.74964 OnOffHelper 2048
8.76602 OnOffHelper 2048
8.78241 OnOffHelper 2048
8.79879 OnOffHelper 2048
8.81517 OnOffHelper 2048
8.83156 OnOffHelper 2048
8.84794 OnOffHelper 2048
8.86433 OnOffHelper 2048
8.88071 OnOffHelper 2048
8.8971 OnOffHelper 2048
8.91348 OnOffHelper 2048
8.92986 OnOffHelper 2048
8.94625 OnOffHelper 2048
8.96263 OnOffHelper 2048
8.97902 OnOffHelper 2048
8.9954 OnOffHelper 2048
9.01178 OnOffHelper 2048
9.02817 OnOffHelper 2048
9.04455 OnOffHelper 2048
9.06094 OnOffHelper 2048
9.07732 OnOffHelper 2048
9.0937 OnOffHelper 2048
9.11009 OnOffHelper 2048
9.12647 OnOffHelper 2048
9.14286 OnOffHelper 2048
9.15924 OnOffHelper 2048
9.17562 OnOffHelper 2048
9.19201 OnOffHelper 2048
9.20839 OnOffHelper 2048
9.22478 OnOffHelper 2048
9.24116 OnOffHelper 2048
9.25754 OnOffHelper 2048
9.27393 OnOffHelper 2048
9.29031 OnOffHelper 2048
9.3067 OnOffHelper 2048
9.32308 OnOffHelper 2048
9.33946 OnOffHelper 2048
9.35585 OnOffHelper 2048
9.37223 OnOffHelper 2048
9.38862 OnOffHelper 2048
9.405 OnOffHelper 2048
9.42138 OnOffHelper 2048
9.43777 OnOffHelper 2048
9.45415 OnOffHelper 2048
9.47054 OnOffHelper 2048
9.48692 OnOffHelper 2048
9.5033 OnOffHelper 2048
9.51969 OnOffHelper 2048
9.53607 OnOffHelper 2048
9.55246 OnOffHelper 2048
9.56884 OnOffHelper 2048
9.58522 OnOffHelper 2048
9.60161 OnOffHelper 2048
9.61799 OnOffHelper 2048
9.63438 OnOffHelper 2048
9.65076 OnOffHelper 2048
9.66714 OnOffHelper 2048
9.68353 OnOffHelper 2048
9.69991 OnOffHelper 2048
9.7163 OnOffHelper 2048
9.73268 OnOffHelper 2048
9.74906 OnOffHelper 2048
9.76545 OnOffHelper 2048
9.78183 OnOffHelper 2048
9.79822 OnOffHelper 2048
9.8146 OnOffHelper 2048
9.83098 OnOffHelper 2048
9.84737 OnOffHelper 2048
9.86375 OnOffHelper 2048
9.88014 OnOffHelper 2048
9.89652 OnOffHelper 2048
9.9129 OnOffHelper 2048
9.92929 OnOffHelper 2048
9.94567 OnOffHelper 2048
9.96206 OnOffHelper 2048
9.97844 OnOffHelper 2048
9.99482 OnOffHelper 2048
