1.00512 PacketSinkHelper 64
1.01024 PacketSinkHelper 64
1.01536 PacketSinkHelper 64
1.02048 PacketSinkHelper 64
1.0256 PacketSinkHelper 64
1.03072 PacketSinkHelper 64
1.03584 PacketSinkHelper 64
1.04096 PacketSinkHelper 64
1.04608 PacketSinkHelper 64
1.0512 PacketSinkHelper 64
1.05632 PacketSinkHelper 64
1.06144 PacketSinkHelper 64
1.06656 PacketSinkHelper 64
1.07168 PacketSinkHelper 64
1.0768 PacketSinkHelper 64
1.08192 PacketSinkHelper 64
1.08704 PacketSinkHelper 64
1.09216 PacketSinkHelper 64
1.09728 PacketSinkHelper 64
1.1024 PacketSinkHelper 64
1.10752 PacketSinkHelper 64
1.11264 PacketSinkHelper 64
1.11776 PacketSinkHelper 64
1.12288 PacketSinkHelper 64
1.128 PacketSinkHelper 64
1.13312 PacketSinkHelper 64
1.13824 PacketSinkHelper 64
1.14336 PacketSinkHelper 64
1.14848 PacketSinkHelper 64
1.1536 PacketSinkHelper 64
1.15872 PacketSinkHelper 64
1.16384 PacketSinkHelper 64
1.16896 PacketSinkHelper 64
1.17408 PacketSinkHelper 64
1.1792 PacketSinkHelper 64
1.18432 PacketSinkHelper 64
1.18944 PacketSinkHelper 64
1.19456 PacketSinkHelper 64
1.19968 PacketSinkHelper 64
1.2048 PacketSinkHelper 64
1.20992 PacketSinkHelper 64
1.21504 PacketSinkHelper 64
1.22016 PacketSinkHelper 64
1.22528 PacketSinkHelper 64
1.2304 PacketSinkHelper 64
1.23552 PacketSinkHelper 64
1.24064 PacketSinkHelper 64
1.24576 PacketSinkHelper 64
1.25088 PacketSinkHelper 64
1.256 PacketSinkHelper 64
1.26112 PacketSinkHelper 64
1.26624 PacketSinkHelper 64
1.27136 PacketSinkHelper 64
1.27648 PacketSinkHelper 64
1.2816 PacketSinkHelper 64
1.28672 PacketSinkHelper 64
1.29184 PacketSinkHelper 64
1.29696 PacketSinkHelper 64
1.30208 PacketSinkHelper 64
1.3072 PacketSinkHelper 64
1.31232 PacketSinkHelper 64
1.31744 PacketSinkHelper 64
1.32256 PacketSinkHelper 64
1.32768 PacketSinkHelper 64
1.3328 PacketSinkHelper 64
1.33792 PacketSinkHelper 64
1.34304 PacketSinkHelper 64
1.34816 PacketSinkHelper 64
1.35328 PacketSinkHelper 64
1.3584 PacketSinkHelper 64
1.36352 PacketSinkHelper 64
1.36864 PacketSinkHelper 64
1.37376 PacketSinkHelper 64
1.37888 PacketSinkHelper 64
1.384 PacketSinkHelper 64
1.38912 PacketSinkHelper 64
1.39424 PacketSinkHelper 64
1.39936 PacketSinkHelper 64
1.40448 PacketSinkHelper 64
1.4096 PacketSinkHelper 64
1.41472 PacketSinkHelper 64
1.41984 PacketSinkHelper 64
1.42496 PacketSinkHelper 64
1.43008 PacketSinkHelper 64
1.4352 PacketSinkHelper 64
1.44032 PacketSinkHelper 64
1.44544 PacketSinkHelper 64
1.45056 PacketSinkHelper 64
1.45568 PacketSinkHelper 64
1.4608 PacketSinkHelper 64
1.46592 PacketSinkHelper 64
1.47104 PacketSinkHelper 64
1.47616 PacketSinkHelper 64
1.48128 PacketSinkHelper 64
1.4864 PacketSinkHelper 64
1.49152 PacketSinkHelper 64
1.49664 PacketSinkHelper 64
1.50176 PacketSinkHelper 64
1.50688 PacketSinkHelper 64
1.512 PacketSinkHelper 64
1.51712 PacketSinkHelper 64
1.52224 PacketSinkHelper 64
1.52736 PacketSinkHelper 64
1.53248 PacketSinkHelper 64
1.5376 PacketSinkHelper 64
1.54272 PacketSinkHelper 64
1.54784 PacketSinkHelper 64
1.55296 PacketSinkHelper 64
1.55808 PacketSinkHelper 64
1.5632 PacketSinkHelper 64
1.56832 PacketSinkHelper 64
1.57344 PacketSinkHelper 64
1.57856 PacketSinkHelper 64
1.58368 PacketSinkHelper 64
1.5888 PacketSinkHelper 64
1.59392 PacketSinkHelper 64
1.59904 PacketSinkHelper 64
1.60416 PacketSinkHelper 64
1.60928 PacketSinkHelper 64
1.6144 PacketSinkHelper 64
1.61952 PacketSinkHelper 64
1.62464 PacketSinkHelper 64
1.62976 PacketSinkHelper 64
1.63488 PacketSinkHelper 64
1.64 PacketSinkHelper 64
1.64512 PacketSinkHelper 64
1.65024 PacketSinkHelper 64
1.65536 PacketSinkHelper 64
1.66048 PacketSinkHelper 64
1.6656 PacketSinkHelper 64
1.67072 PacketSinkHelper 64
1.67584 PacketSinkHelper 64
1.68096 PacketSinkHelper 64
1.68608 PacketSinkHelper 64
1.6912 PacketSinkHelper 64
1.69632 PacketSinkHelper 64
1.70144 PacketSinkHelper 64
1.70656 PacketSinkHelper 64
1.71168 PacketSinkHelper 64
1.7168 PacketSinkHelper 64
1.72192 PacketSinkHelper 64
1.72704 PacketSinkHelper 64
1.73216 PacketSinkHelper 64
1.73728 PacketSinkHelper 64
1.7424 PacketSinkHelper 64
1.74752 PacketSinkHelper 64
1.75264 PacketSinkHelper 64
1.75776 PacketSinkHelper 64
1.76288 PacketSinkHelper 64
1.768 PacketSinkHelper 64
1.77312 PacketSinkHelper 64
1.77824 PacketSinkHelper 64
1.78336 PacketSinkHelper 64
1.78848 PacketSinkHelper 64
1.7936 PacketSinkHelper 64
1.79872 PacketSinkHelper 64
1.80384 PacketSinkHelper 64
1.80896 PacketSinkHelper 64
1.81408 PacketSinkHelper 64
1.8192 PacketSinkHelper 64
1.82432 PacketSinkHelper 64
1.82944 PacketSinkHelper 64
1.83456 PacketSinkHelper 64
1.83968 PacketSinkHelper 64
1.8448 PacketSinkHelper 64
1.84992 PacketSinkHelper 64
1.85504 PacketSinkHelper 64
1.86016 PacketSinkHelper 64
1.86528 PacketSinkHelper 64
1.8704 PacketSinkHelper 64
1.87552 PacketSinkHelper 64
1.88064 PacketSinkHelper 64
1.88576 PacketSinkHelper 64
1.89088 PacketSinkHelper 64
1.896 PacketSinkHelper 64
1.90112 PacketSinkHelper 64
1.90624 PacketSinkHelper 64
1.91136 PacketSinkHelper 64
1.91648 PacketSinkHelper 64
1.9216 PacketSinkHelper 64
1.92672 PacketSinkHelper 64
1.93184 PacketSinkHelper 64
1.93696 PacketSinkHelper 64
1.94208 PacketSinkHelper 64
1.9472 PacketSinkHelper 64
1.95232 PacketSinkHelper 64
1.95744 PacketSinkHelper 64
1.96256 PacketSinkHelper 64
1.96768 PacketSinkHelper 64
1.9728 PacketSinkHelper 64
1.97792 PacketSinkHelper 64
1.98304 PacketSinkHelper 64
1.98816 PacketSinkHelper 64
1.99328 PacketSinkHelper 64
1.9984 PacketSinkHelper 64
2.00353 PacketSinkHelper 64
2.00865 PacketSinkHelper 64
2.01377 PacketSinkHelper 64
2.01889 PacketSinkHelper 64
2.02401 PacketSinkHelper 64
2.02913 PacketSinkHelper 64
2.03425 PacketSinkHelper 64
2.03937 PacketSinkHelper 64
2.04449 PacketSinkHelper 64
2.04961 PacketSinkHelper 64
2.05473 PacketSinkHelper 64
2.05985 PacketSinkHelper 64
2.06497 PacketSinkHelper 64
2.07009 PacketSinkHelper 64
2.07521 PacketSinkHelper 64
2.08033 PacketSinkHelper 64
2.08545 PacketSinkHelper 64
2.09057 PacketSinkHelper 64
2.09569 PacketSinkHelper 64
2.10081 PacketSinkHelper 64
2.10593 PacketSinkHelper 64
2.11105 PacketSinkHelper 64
2.11617 PacketSinkHelper 64
2.12129 PacketSinkHelper 64
2.12641 PacketSinkHelper 64
2.13153 PacketSinkHelper 64
2.13665 PacketSinkHelper 64
2.14177 PacketSinkHelper 64
2.14689 PacketSinkHelper 64
2.15201 PacketSinkHelper 64
2.15713 PacketSinkHelper 64
2.16225 PacketSinkHelper 64
2.16737 PacketSinkHelper 64
2.17249 PacketSinkHelper 64
2.17761 PacketSinkHelper 64
2.18273 PacketSinkHelper 64
2.18785 PacketSinkHelper 64
2.19297 PacketSinkHelper 64
2.19809 PacketSinkHelper 64
2.20321 PacketSinkHelper 64
2.20833 PacketSinkHelper 64
2.21345 PacketSinkHelper 64
2.21857 PacketSinkHelper 64
2.22369 PacketSinkHelper 64
2.22881 PacketSinkHelper 64
2.23393 PacketSinkHelper 64
2.23905 PacketSinkHelper 64
2.24417 PacketSinkHelper 64
2.24929 PacketSinkHelper 64
2.25441 PacketSinkHelper 64
2.25953 PacketSinkHelper 64
2.26465 PacketSinkHelper 64
2.26977 PacketSinkHelper 64
2.27489 PacketSinkHelper 64
2.28001 PacketSinkHelper 64
2.28513 PacketSinkHelper 64
2.29025 PacketSinkHelper 64
2.29537 PacketSinkHelper 64
2.30049 PacketSinkHelper 64
2.30561 PacketSinkHelper 64
2.31073 PacketSinkHelper 64
2.31585 PacketSinkHelper 64
2.32097 PacketSinkHelper 64
2.32609 PacketSinkHelper 64
2.33121 PacketSinkHelper 64
2.33633 PacketSinkHelper 64
2.34145 PacketSinkHelper 64
2.34657 PacketSinkHelper 64
2.35169 PacketSinkHelper 64
2.35681 PacketSinkHelper 64
2.36193 PacketSinkHelper 64
2.36705 PacketSinkHelper 64
2.37217 PacketSinkHelper 64
2.37729 PacketSinkHelper 64
2.38241 PacketSinkHelper 64
2.38753 PacketSinkHelper 64
2.39265 PacketSinkHelper 64
2.39777 PacketSinkHelper 64
2.40289 PacketSinkHelper 64
2.40801 PacketSinkHelper 64
2.41313 PacketSinkHelper 64
2.41825 PacketSinkHelper 64
2.42337 PacketSinkHelper 64
2.42849 PacketSinkHelper 64
2.43361 PacketSinkHelper 64
2.43873 PacketSinkHelper 64
2.44385 PacketSinkHelper 64
2.44897 PacketSinkHelper 64
2.45409 PacketSinkHelper 64
2.45921 PacketSinkHelper 64
2.46433 PacketSinkHelper 64
2.46945 PacketSinkHelper 64
2.47457 PacketSinkHelper 64
2.47969 PacketSinkHelper 64
2.48481 PacketSinkHelper 64
2.48993 PacketSinkHelper 64
2.49505 PacketSinkHelper 64
2.50017 PacketSinkHelper 64
2.50529 PacketSinkHelper 64
2.51041 PacketSinkHelper 64
2.51553 PacketSinkHelper 64
2.52065 PacketSinkHelper 64
2.52577 PacketSinkHelper 64
2.53089 PacketSinkHelper 64
2.53601 PacketSinkHelper 64
2.54113 PacketSinkHelper 64
2.54625 PacketSinkHelper 64
2.55137 PacketSinkHelper 64
2.55649 PacketSinkHelper 64
2.56161 PacketSinkHelper 64
2.56673 PacketSinkHelper 64
2.57185 PacketSinkHelper 64
2.57697 PacketSinkHelper 64
2.58209 PacketSinkHelper 64
2.58721 PacketSinkHelper 64
2.59233 PacketSinkHelper 64
2.59745 PacketSinkHelper 64
2.60257 PacketSinkHelper 64
2.60769 PacketSinkHelper 64
2.61281 PacketSinkHelper 64
2.61793 PacketSinkHelper 64
2.62305 PacketSinkHelper 64
2.62817 PacketSinkHelper 64
2.63329 PacketSinkHelper 64
2.63841 PacketSinkHelper 64
2.64353 PacketSinkHelper 64
2.64865 PacketSinkHelper 64
2.65377 PacketSinkHelper 64
2.65889 PacketSinkHelper 64
2.66401 PacketSinkHelper 64
2.66913 PacketSinkHelper 64
2.67425 PacketSinkHelper 64
2.67937 PacketSinkHelper 64
2.68449 PacketSinkHelper 64
2.68961 PacketSinkHelper 64
2.69473 PacketSinkHelper 64
2.69985 PacketSinkHelper 64
2.70497 PacketSinkHelper 64
2.71009 PacketSinkHelper 64
2.71521 PacketSinkHelper 64
2.72033 PacketSinkHelper 64
2.72545 PacketSinkHelper 64
2.73057 PacketSinkHelper 64
2.73569 PacketSinkHelper 64
2.74081 PacketSinkHelper 64
2.74593 PacketSinkHelper 64
2.75105 PacketSinkHelper 64
2.75617 PacketSinkHelper 64
2.76129 PacketSinkHelper 64
2.76641 PacketSinkHelper 64
2.77153 PacketSinkHelper 64
2.77665 PacketSinkHelper 64
2.78177 PacketSinkHelper 64
2.78689 PacketSinkHelper 64
2.79201 PacketSinkHelper 64
2.79713 PacketSinkHelper 64
2.80225 PacketSinkHelper 64
2.80737 PacketSinkHelper 64
2.81249 PacketSinkHelper 64
2.81761 PacketSinkHelper 64
2.82273 PacketSinkHelper 64
2.82785 PacketSinkHelper 64
2.83297 PacketSinkHelper 64
2.83809 PacketSinkHelper 64
2.84321 PacketSinkHelper 64
2.84833 PacketSinkHelper 64
2.85345 PacketSinkHelper 64
2.85857 PacketSinkHelper 64
2.86369 PacketSinkHelper 64
2.86881 PacketSinkHelper 64
2.87393 PacketSinkHelper 64
2.87905 PacketSinkHelper 64
2.88417 PacketSinkHelper 64
2.88929 PacketSinkHelper 64
2.89441 PacketSinkHelper 64
2.89953 PacketSinkHelper 64
2.90465 PacketSinkHelper 64
2.90977 PacketSinkHelper 64
2.91489 PacketSinkHelper 64
2.92001 PacketSinkHelper 64
2.92513 PacketSinkHelper 64
2.93025 PacketSinkHelper 64
2.93537 PacketSinkHelper 64
2.94049 PacketSinkHelper 64
2.94561 PacketSinkHelper 64
2.95073 PacketSinkHelper 64
2.95585 PacketSinkHelper 64
2.96097 PacketSinkHelper 64
2.96609 PacketSinkHelper 64
2.97121 PacketSinkHelper 64
2.97633 PacketSinkHelper 64
2.98145 PacketSinkHelper 64
2.98657 PacketSinkHelper 64
2.99169 PacketSinkHelper 64
2.99681 PacketSinkHelper 64
3.00194 PacketSinkHelper 64
3.00706 PacketSinkHelper 64
3.01218 PacketSinkHelper 64
3.0173 PacketSinkHelper 64
3.02242 PacketSinkHelper 64
3.02754 PacketSinkHelper 64
3.03266 PacketSinkHelper 64
3.03778 PacketSinkHelper 64
3.0429 PacketSinkHelper 64
3.04802 PacketSinkHelper 64
3.05314 PacketSinkHelper 64
3.05826 PacketSinkHelper 64
3.06338 PacketSinkHelper 64
3.0685 PacketSinkHelper 64
3.07362 PacketSinkHelper 64
3.07874 PacketSinkHelper 64
3.08386 PacketSinkHelper 64
3.08898 PacketSinkHelper 64
3.0941 PacketSinkHelper 64
3.09922 PacketSinkHelper 64
3.10434 PacketSinkHelper 64
3.10946 PacketSinkHelper 64
3.11458 PacketSinkHelper 64
3.1197 PacketSinkHelper 64
3.12482 PacketSinkHelper 64
3.12994 PacketSinkHelper 64
3.13506 PacketSinkHelper 64
3.14018 PacketSinkHelper 64
3.1453 PacketSinkHelper 64
3.15042 PacketSinkHelper 64
3.15554 PacketSinkHelper 64
3.16066 PacketSinkHelper 64
3.16578 PacketSinkHelper 64
3.1709 PacketSinkHelper 64
3.17602 PacketSinkHelper 64
3.18114 PacketSinkHelper 64
3.18626 PacketSinkHelper 64
3.19138 PacketSinkHelper 64
3.1965 PacketSinkHelper 64
3.20162 PacketSinkHelper 64
3.20674 PacketSinkHelper 64
3.21186 PacketSinkHelper 64
3.21698 PacketSinkHelper 64
3.2221 PacketSinkHelper 64
3.22722 PacketSinkHelper 64
3.23234 PacketSinkHelper 64
3.23746 PacketSinkHelper 64
3.24258 PacketSinkHelper 64
3.2477 PacketSinkHelper 64
3.25282 PacketSinkHelper 64
3.25794 PacketSinkHelper 64
3.26306 PacketSinkHelper 64
3.26818 PacketSinkHelper 64
3.2733 PacketSinkHelper 64
3.27842 PacketSinkHelper 64
3.28354 PacketSinkHelper 64
3.28866 PacketSinkHelper 64
3.29378 PacketSinkHelper 64
3.2989 PacketSinkHelper 64
3.30402 PacketSinkHelper 64
3.30914 PacketSinkHelper 64
3.31426 PacketSinkHelper 64
3.31938 PacketSinkHelper 64
3.3245 PacketSinkHelper 64
3.32962 PacketSinkHelper 64
3.33474 PacketSinkHelper 64
3.33986 PacketSinkHelper 64
3.34498 PacketSinkHelper 64
3.3501 PacketSinkHelper 64
3.35522 PacketSinkHelper 64
3.36034 PacketSinkHelper 64
3.36546 PacketSinkHelper 64
3.37058 PacketSinkHelper 64
3.3757 PacketSinkHelper 64
3.38082 PacketSinkHelper 64
3.38594 PacketSinkHelper 64
3.39106 PacketSinkHelper 64
3.39618 PacketSinkHelper 64
3.4013 PacketSinkHelper 64
3.40642 PacketSinkHelper 64
3.41154 PacketSinkHelper 64
3.41666 PacketSinkHelper 64
3.42178 PacketSinkHelper 64
3.4269 PacketSinkHelper 64
3.43202 PacketSinkHelper 64
3.43714 PacketSinkHelper 64
3.44226 PacketSinkHelper 64
3.44738 PacketSinkHelper 64
3.4525 PacketSinkHelper 64
3.45762 PacketSinkHelper 64
3.46274 PacketSinkHelper 64
3.46786 PacketSinkHelper 64
3.47298 PacketSinkHelper 64
3.4781 PacketSinkHelper 64
3.48322 PacketSinkHelper 64
3.48834 PacketSinkHelper 64
3.49346 PacketSinkHelper 64
3.49858 PacketSinkHelper 64
3.5037 PacketSinkHelper 64
3.50882 PacketSinkHelper 64
3.51394 PacketSinkHelper 64
3.51906 PacketSinkHelper 64
3.52418 PacketSinkHelper 64
3.5293 PacketSinkHelper 64
3.53442 PacketSinkHelper 64
3.53954 PacketSinkHelper 64
3.54466 PacketSinkHelper 64
3.54978 PacketSinkHelper 64
3.5549 PacketSinkHelper 64
3.56002 PacketSinkHelper 64
3.56514 PacketSinkHelper 64
3.57026 PacketSinkHelper 64
3.57538 PacketSinkHelper 64
3.5805 PacketSinkHelper 64
3.58562 PacketSinkHelper 64
3.59074 PacketSinkHelper 64
3.59586 PacketSinkHelper 64
3.60098 PacketSinkHelper 64
3.6061 PacketSinkHelper 64
3.61122 PacketSinkHelper 64
3.61634 PacketSinkHelper 64
3.62146 PacketSinkHelper 64
3.62658 PacketSinkHelper 64
3.6317 PacketSinkHelper 64
3.63682 PacketSinkHelper 64
3.64194 PacketSinkHelper 64
3.64706 PacketSinkHelper 64
3.65218 PacketSinkHelper 64
3.6573 PacketSinkHelper 64
3.66242 PacketSinkHelper 64
3.66754 PacketSinkHelper 64
3.67266 PacketSinkHelper 64
3.67778 PacketSinkHelper 64
3.6829 PacketSinkHelper 64
3.68802 PacketSinkHelper 64
3.69314 PacketSinkHelper 64
3.69826 PacketSinkHelper 64
3.70338 PacketSinkHelper 64
3.7085 PacketSinkHelper 64
3.71362 PacketSinkHelper 64
3.71874 PacketSinkHelper 64
3.72386 PacketSinkHelper 64
3.72898 PacketSinkHelper 64
3.7341 PacketSinkHelper 64
3.73922 PacketSinkHelper 64
3.74434 PacketSinkHelper 64
3.74946 PacketSinkHelper 64
3.75458 PacketSinkHelper 64
3.7597 PacketSinkHelper 64
3.76482 PacketSinkHelper 64
3.76994 PacketSinkHelper 64
3.77506 PacketSinkHelper 64
3.78018 PacketSinkHelper 64
3.7853 PacketSinkHelper 64
3.79042 PacketSinkHelper 64
3.79554 PacketSinkHelper 64
3.80066 PacketSinkHelper 64
3.80578 PacketSinkHelper 64
3.8109 PacketSinkHelper 64
3.81602 PacketSinkHelper 64
3.82114 PacketSinkHelper 64
3.82626 PacketSinkHelper 64
3.83138 PacketSinkHelper 64
3.8365 PacketSinkHelper 64
3.84162 PacketSinkHelper 64
3.84674 PacketSinkHelper 64
3.85186 PacketSinkHelper 64
3.85698 PacketSinkHelper 64
3.8621 PacketSinkHelper 64
3.86722 PacketSinkHelper 64
3.87234 PacketSinkHelper 64
3.87746 PacketSinkHelper 64
3.88258 PacketSinkHelper 64
3.8877 PacketSinkHelper 64
3.89282 PacketSinkHelper 64
3.89794 PacketSinkHelper 64
3.90306 PacketSinkHelper 64
3.90818 PacketSinkHelper 64
3.9133 PacketSinkHelper 64
3.91842 PacketSinkHelper 64
3.92354 PacketSinkHelper 64
3.92866 PacketSinkHelper 64
3.93378 PacketSinkHelper 64
3.9389 PacketSinkHelper 64
3.94402 PacketSinkHelper 64
3.94914 PacketSinkHelper 64
3.95426 PacketSinkHelper 64
3.95938 PacketSinkHelper 64
3.9645 PacketSinkHelper 64
3.96962 PacketSinkHelper 64
3.97474 PacketSinkHelper 64
3.97986 PacketSinkHelper 64
3.98498 PacketSinkHelper 64
3.9901 PacketSinkHelper 64
3.99522 PacketSinkHelper 64
4.00035 PacketSinkHelper 64
4.00547 PacketSinkHelper 64
4.01059 PacketSinkHelper 64
4.01571 PacketSinkHelper 64
4.02083 PacketSinkHelper 64
4.02595 PacketSinkHelper 64
4.03107 PacketSinkHelper 64
4.03619 PacketSinkHelper 64
4.04131 PacketSinkHelper 64
4.04643 PacketSinkHelper 64
4.05155 PacketSinkHelper 64
4.05667 PacketSinkHelper 64
4.06179 PacketSinkHelper 64
4.06691 PacketSinkHelper 64
4.07203 PacketSinkHelper 64
4.07715 PacketSinkHelper 64
4.08227 PacketSinkHelper 64
4.08739 PacketSinkHelper 64
4.09251 PacketSinkHelper 64
4.09763 PacketSinkHelper 64
4.10275 PacketSinkHelper 64
4.10787 PacketSinkHelper 64
4.11299 PacketSinkHelper 64
4.11811 PacketSinkHelper 64
4.12323 PacketSinkHelper 64
4.12835 PacketSinkHelper 64
4.13347 PacketSinkHelper 64
4.13859 PacketSinkHelper 64
4.14371 PacketSinkHelper 64
4.14883 PacketSinkHelper 64
4.15395 PacketSinkHelper 64
4.15907 PacketSinkHelper 64
4.16419 PacketSinkHelper 64
4.16931 PacketSinkHelper 64
4.17443 PacketSinkHelper 64
4.17955 PacketSinkHelper 64
4.18467 PacketSinkHelper 64
4.18979 PacketSinkHelper 64
4.19491 PacketSinkHelper 64
4.20003 PacketSinkHelper 64
4.20515 PacketSinkHelper 64
4.21027 PacketSinkHelper 64
4.21539 PacketSinkHelper 64
4.22051 PacketSinkHelper 64
4.22563 PacketSinkHelper 64
4.23075 PacketSinkHelper 64
4.23587 PacketSinkHelper 64
4.24099 PacketSinkHelper 64
4.24611 PacketSinkHelper 64
4.25123 PacketSinkHelper 64
4.25635 PacketSinkHelper 64
4.26147 PacketSinkHelper 64
4.26659 PacketSinkHelper 64
4.27171 PacketSinkHelper 64
4.27683 PacketSinkHelper 64
4.28195 PacketSinkHelper 64
4.28707 PacketSinkHelper 64
4.29219 PacketSinkHelper 64
4.29731 PacketSinkHelper 64
4.30243 PacketSinkHelper 64
4.30755 PacketSinkHelper 64
4.31267 PacketSinkHelper 64
4.31779 PacketSinkHelper 64
4.32291 PacketSinkHelper 64
4.32803 PacketSinkHelper 64
4.33315 PacketSinkHelper 64
4.33827 PacketSinkHelper 64
4.34339 PacketSinkHelper 64
4.34851 PacketSinkHelper 64
4.35363 PacketSinkHelper 64
4.35875 PacketSinkHelper 64
4.36387 PacketSinkHelper 64
4.36899 PacketSinkHelper 64
4.37411 PacketSinkHelper 64
4.37923 PacketSinkHelper 64
4.38435 PacketSinkHelper 64
4.38947 PacketSinkHelper 64
4.39459 PacketSinkHelper 64
4.39971 PacketSinkHelper 64
4.40483 PacketSinkHelper 64
4.40995 PacketSinkHelper 64
4.41507 PacketSinkHelper 64
4.42019 PacketSinkHelper 64
4.42531 PacketSinkHelper 64
4.43043 PacketSinkHelper 64
4.43555 PacketSinkHelper 64
4.44067 PacketSinkHelper 64
4.44579 PacketSinkHelper 64
4.45091 PacketSinkHelper 64
4.45603 PacketSinkHelper 64
4.46115 PacketSinkHelper 64
4.46627 PacketSinkHelper 64
4.47139 PacketSinkHelper 64
4.47651 PacketSinkHelper 64
4.48163 PacketSinkHelper 64
4.48675 PacketSinkHelper 64
4.49187 PacketSinkHelper 64
4.49699 PacketSinkHelper 64
4.50211 PacketSinkHelper 64
4.50723 PacketSinkHelper 64
4.51235 PacketSinkHelper 64
4.51747 PacketSinkHelper 64
4.52259 PacketSinkHelper 64
4.52771 PacketSinkHelper 64
4.53283 PacketSinkHelper 64
4.53795 PacketSinkHelper 64
4.54307 PacketSinkHelper 64
4.54819 PacketSinkHelper 64
4.55331 PacketSinkHelper 64
4.55843 PacketSinkHelper 64
4.56355 PacketSinkHelper 64
4.56867 PacketSinkHelper 64
4.57379 PacketSinkHelper 64
4.57891 PacketSinkHelper 64
4.58403 PacketSinkHelper 64
4.58915 PacketSinkHelper 64
4.59427 PacketSinkHelper 64
4.59939 PacketSinkHelper 64
4.60451 PacketSinkHelper 64
4.60963 PacketSinkHelper 64
4.61475 PacketSinkHelper 64
4.61987 PacketSinkHelper 64
4.62499 PacketSinkHelper 64
4.63011 PacketSinkHelper 64
4.63523 PacketSinkHelper 64
4.64035 PacketSinkHelper 64
4.64547 PacketSinkHelper 64
4.65059 PacketSinkHelper 64
4.65571 PacketSinkHelper 64
4.66083 PacketSinkHelper 64
4.66595 PacketSinkHelper 64
4.67107 PacketSinkHelper 64
4.67619 PacketSinkHelper 64
4.68131 PacketSinkHelper 64
4.68643 PacketSinkHelper 64
4.69155 PacketSinkHelper 64
4.69667 PacketSinkHelper 64
4.70179 PacketSinkHelper 64
4.70691 PacketSinkHelper 64
4.71203 PacketSinkHelper 64
4.71715 PacketSinkHelper 64
4.72227 PacketSinkHelper 64
4.72739 PacketSinkHelper 64
4.73251 PacketSinkHelper 64
4.73763 PacketSinkHelper 64
4.74275 PacketSinkHelper 64
4.74787 PacketSinkHelper 64
4.75299 PacketSinkHelper 64
4.75811 PacketSinkHelper 64
4.76323 PacketSinkHelper 64
4.76835 PacketSinkHelper 64
4.77347 PacketSinkHelper 64
4.77859 PacketSinkHelper 64
4.78371 PacketSinkHelper 64
4.78883 PacketSinkHelper 64
4.79395 PacketSinkHelper 64
4.79907 PacketSinkHelper 64
4.80419 PacketSinkHelper 64
4.80931 PacketSinkHelper 64
4.81443 PacketSinkHelper 64
4.81955 PacketSinkHelper 64
4.82467 PacketSinkHelper 64
4.82979 PacketSinkHelper 64
4.83491 PacketSinkHelper 64
4.84003 PacketSinkHelper 64
4.84515 PacketSinkHelper 64
4.85027 PacketSinkHelper 64
4.85539 PacketSinkHelper 64
4.86051 PacketSinkHelper 64
4.86563 PacketSinkHelper 64
4.87075 PacketSinkHelper 64
4.87587 PacketSinkHelper 64
4.88099 PacketSinkHelper 64
4.88611 PacketSinkHelper 64
4.89123 PacketSinkHelper 64
4.89635 PacketSinkHelper 64
4.90147 PacketSinkHelper 64
4.90659 PacketSinkHelper 64
4.91171 PacketSinkHelper 64
4.91683 PacketSinkHelper 64
4.92195 PacketSinkHelper 64
4.92707 PacketSinkHelper 64
4.93219 PacketSinkHelper 64
4.93731 PacketSinkHelper 64
4.94243 PacketSinkHelper 64
4.94755 PacketSinkHelper 64
4.95267 PacketSinkHelper 64
4.95779 PacketSinkHelper 64
4.96291 PacketSinkHelper 64
4.96803 PacketSinkHelper 64
4.97315 PacketSinkHelper 64
4.97827 PacketSinkHelper 64
4.98339 PacketSinkHelper 64
4.98851 PacketSinkHelper 64
4.99363 PacketSinkHelper 64
4.99875 PacketSinkHelper 64
5.00388 PacketSinkHelper 64
5.009 PacketSinkHelper 64
5.01412 PacketSinkHelper 64
5.01924 PacketSinkHelper 64
5.02436 PacketSinkHelper 64
5.02948 PacketSinkHelper 64
5.0346 PacketSinkHelper 64
5.03972 PacketSinkHelper 64
5.04484 PacketSinkHelper 64
5.04996 PacketSinkHelper 64
5.05508 PacketSinkHelper 64
5.0602 PacketSinkHelper 64
5.06532 PacketSinkHelper 64
5.07044 PacketSinkHelper 64
5.07556 PacketSinkHelper 64
5.08068 PacketSinkHelper 64
5.0858 PacketSinkHelper 64
5.09092 PacketSinkHelper 64
5.09604 PacketSinkHelper 64
5.10116 PacketSinkHelper 64
5.10628 PacketSinkHelper 64
5.1114 PacketSinkHelper 64
5.11652 PacketSinkHelper 64
5.12164 PacketSinkHelper 64
5.12676 PacketSinkHelper 64
5.13188 PacketSinkHelper 64
5.137 PacketSinkHelper 64
5.14212 PacketSinkHelper 64
5.14724 PacketSinkHelper 64
5.15236 PacketSinkHelper 64
5.15748 PacketSinkHelper 64
5.1626 PacketSinkHelper 64
5.16772 PacketSinkHelper 64
5.17284 PacketSinkHelper 64
5.17796 PacketSinkHelper 64
5.18308 PacketSinkHelper 64
5.1882 PacketSinkHelper 64
5.19332 PacketSinkHelper 64
5.19844 PacketSinkHelper 64
5.20356 PacketSinkHelper 64
5.20868 PacketSinkHelper 64
5.2138 PacketSinkHelper 64
5.21892 PacketSinkHelper 64
5.22404 PacketSinkHelper 64
5.22916 PacketSinkHelper 64
5.23428 PacketSinkHelper 64
5.2394 PacketSinkHelper 64
5.24452 PacketSinkHelper 64
5.24964 PacketSinkHelper 64
5.25476 PacketSinkHelper 64
5.25988 PacketSinkHelper 64
5.265 PacketSinkHelper 64
5.27012 PacketSinkHelper 64
5.27524 PacketSinkHelper 64
5.28036 PacketSinkHelper 64
5.28548 PacketSinkHelper 64
5.2906 PacketSinkHelper 64
5.29572 PacketSinkHelper 64
5.30084 PacketSinkHelper 64
5.30596 PacketSinkHelper 64
5.31108 PacketSinkHelper 64
5.3162 PacketSinkHelper 64
5.32132 PacketSinkHelper 64
5.32644 PacketSinkHelper 64
5.33156 PacketSinkHelper 64
5.33668 PacketSinkHelper 64
5.3418 PacketSinkHelper 64
5.34692 PacketSinkHelper 64
5.35204 PacketSinkHelper 64
5.35716 PacketSinkHelper 64
5.36228 PacketSinkHelper 64
5.3674 PacketSinkHelper 64
5.37252 PacketSinkHelper 64
5.37764 PacketSinkHelper 64
5.38276 PacketSinkHelper 64
5.38788 PacketSinkHelper 64
5.393 PacketSinkHelper 64
5.39812 PacketSinkHelper 64
5.40324 PacketSinkHelper 64
5.40836 PacketSinkHelper 64
5.41348 PacketSinkHelper 64
5.4186 PacketSinkHelper 64
5.42372 PacketSinkHelper 64
5.42884 PacketSinkHelper 64
5.43396 PacketSinkHelper 64
5.43908 PacketSinkHelper 64
5.4442 PacketSinkHelper 64
5.44932 PacketSinkHelper 64
5.45444 PacketSinkHelper 64
5.45956 PacketSinkHelper 64
5.46468 PacketSinkHelper 64
5.4698 PacketSinkHelper 64
5.47492 PacketSinkHelper 64
5.48004 PacketSinkHelper 64
5.48516 PacketSinkHelper 64
5.49028 PacketSinkHelper 64
5.4954 PacketSinkHelper 64
5.50052 PacketSinkHelper 64
5.50564 PacketSinkHelper 64
5.51076 PacketSinkHelper 64
5.51588 PacketSinkHelper 64
5.521 PacketSinkHelper 64
5.52612 PacketSinkHelper 64
5.53124 PacketSinkHelper 64
5.53636 PacketSinkHelper 64
5.54148 PacketSinkHelper 64
5.5466 PacketSinkHelper 64
5.55172 PacketSinkHelper 64
5.55684 PacketSinkHelper 64
5.56196 PacketSinkHelper 64
5.56708 PacketSinkHelper 64
5.5722 PacketSinkHelper 64
5.57732 PacketSinkHelper 64
5.58244 PacketSinkHelper 64
5.58756 PacketSinkHelper 64
5.59268 PacketSinkHelper 64
5.5978 PacketSinkHelper 64
5.60292 PacketSinkHelper 64
5.60804 PacketSinkHelper 64
5.61316 PacketSinkHelper 64
5.61828 PacketSinkHelper 64
5.6234 PacketSinkHelper 64
5.62852 PacketSinkHelper 64
5.63364 PacketSinkHelper 64
5.63876 PacketSinkHelper 64
5.64388 PacketSinkHelper 64
5.649 PacketSinkHelper 64
5.65412 PacketSinkHelper 64
5.65924 PacketSinkHelper 64
5.66436 PacketSinkHelper 64
5.66948 PacketSinkHelper 64
5.6746 PacketSinkHelper 64
5.67972 PacketSinkHelper 64
5.68484 PacketSinkHelper 64
5.68996 PacketSinkHelper 64
5.69508 PacketSinkHelper 64
5.7002 PacketSinkHelper 64
5.70532 PacketSinkHelper 64
5.71044 PacketSinkHelper 64
5.71556 PacketSinkHelper 64
5.72068 PacketSinkHelper 64
5.7258 PacketSinkHelper 64
5.73092 PacketSinkHelper 64
5.73604 PacketSinkHelper 64
5.74116 PacketSinkHelper 64
5.74628 PacketSinkHelper 64
5.7514 PacketSinkHelper 64
5.75652 PacketSinkHelper 64
5.76164 PacketSinkHelper 64
5.76676 PacketSinkHelper 64
5.77188 PacketSinkHelper 64
5.777 PacketSinkHelper 64
5.78212 PacketSinkHelper 64
5.78724 PacketSinkHelper 64
5.79236 PacketSinkHelper 64
5.79748 PacketSinkHelper 64
5.8026 PacketSinkHelper 64
5.80772 PacketSinkHelper 64
5.81284 PacketSinkHelper 64
5.81796 PacketSinkHelper 64
5.82308 PacketSinkHelper 64
5.8282 PacketSinkHelper 64
5.83332 PacketSinkHelper 64
5.83844 PacketSinkHelper 64
5.84356 PacketSinkHelper 64
5.84868 PacketSinkHelper 64
5.8538 PacketSinkHelper 64
5.85892 PacketSinkHelper 64
5.86404 PacketSinkHelper 64
5.86916 PacketSinkHelper 64
5.87428 PacketSinkHelper 64
5.8794 PacketSinkHelper 64
5.88452 PacketSinkHelper 64
5.88964 PacketSinkHelper 64
5.89476 PacketSinkHelper 64
5.89988 PacketSinkHelper 64
5.905 PacketSinkHelper 64
5.91012 PacketSinkHelper 64
5.91524 PacketSinkHelper 64
5.92036 PacketSinkHelper 64
5.92548 PacketSinkHelper 64
5.9306 PacketSinkHelper 64
5.93572 PacketSinkHelper 64
5.94084 PacketSinkHelper 64
5.94596 PacketSinkHelper 64
5.95108 PacketSinkHelper 64
5.9562 PacketSinkHelper 64
5.96132 PacketSinkHelper 64
5.96644 PacketSinkHelper 64
5.97156 PacketSinkHelper 64
5.97668 PacketSinkHelper 64
5.9818 PacketSinkHelper 64
5.98692 PacketSinkHelper 64
5.99204 PacketSinkHelper 64
5.99716 PacketSinkHelper 64
6.00229 PacketSinkHelper 64
6.00741 PacketSinkHelper 64
6.01253 PacketSinkHelper 64
6.01765 PacketSinkHelper 64
6.02277 PacketSinkHelper 64
6.02789 PacketSinkHelper 64
6.03301 PacketSinkHelper 64
6.03813 PacketSinkHelper 64
6.04325 PacketSinkHelper 64
6.04837 PacketSinkHelper 64
6.05349 PacketSinkHelper 64
6.05861 PacketSinkHelper 64
6.06373 PacketSinkHelper 64
6.06885 PacketSinkHelper 64
6.07397 PacketSinkHelper 64
6.07909 PacketSinkHelper 64
6.08421 PacketSinkHelper 64
6.08933 PacketSinkHelper 64
6.09445 PacketSinkHelper 64
6.09957 PacketSinkHelper 64
6.10469 PacketSinkHelper 64
6.10981 PacketSinkHelper 64
6.11493 PacketSinkHelper 64
6.12005 PacketSinkHelper 64
6.12517 PacketSinkHelper 64
6.13029 PacketSinkHelper 64
6.13541 PacketSinkHelper 64
6.14053 PacketSinkHelper 64
6.14565 PacketSinkHelper 64
6.15077 PacketSinkHelper 64
6.15589 PacketSinkHelper 64
6.16101 PacketSinkHelper 64
6.16613 PacketSinkHelper 64
6.17125 PacketSinkHelper 64
6.17637 PacketSinkHelper 64
6.18149 PacketSinkHelper 64
6.18661 PacketSinkHelper 64
6.19173 PacketSinkHelper 64
6.19685 PacketSinkHelper 64
6.20197 PacketSinkHelper 64
6.20709 PacketSinkHelper 64
6.21221 PacketSinkHelper 64
6.21733 PacketSinkHelper 64
6.22245 PacketSinkHelper 64
6.22757 PacketSinkHelper 64
6.23269 PacketSinkHelper 64
6.23781 PacketSinkHelper 64
6.24293 PacketSinkHelper 64
6.24805 PacketSinkHelper 64
6.25317 PacketSinkHelper 64
6.25829 PacketSinkHelper 64
6.26341 PacketSinkHelper 64
6.26853 PacketSinkHelper 64
6.27365 PacketSinkHelper 64
6.27877 PacketSinkHelper 64
6.28389 PacketSinkHelper 64
6.28901 PacketSinkHelper 64
6.29413 PacketSinkHelper 64
6.29925 PacketSinkHelper 64
6.30437 PacketSinkHelper 64
6.30949 PacketSinkHelper 64
6.31461 PacketSinkHelper 64
6.31973 PacketSinkHelper 64
6.32485 PacketSinkHelper 64
6.32997 PacketSinkHelper 64
6.33509 PacketSinkHelper 64
6.34021 PacketSinkHelper 64
6.34533 PacketSinkHelper 64
6.35045 PacketSinkHelper 64
6.35557 PacketSinkHelper 64
6.36069 PacketSinkHelper 64
6.36581 PacketSinkHelper 64
6.37093 PacketSinkHelper 64
6.37605 PacketSinkHelper 64
6.38117 PacketSinkHelper 64
6.38629 PacketSinkHelper 64
6.39141 PacketSinkHelper 64
6.39653 PacketSinkHelper 64
6.40165 PacketSinkHelper 64
6.40677 PacketSinkHelper 64
6.41189 PacketSinkHelper 64
6.41701 PacketSinkHelper 64
6.42213 PacketSinkHelper 64
6.42725 PacketSinkHelper 64
6.43237 PacketSinkHelper 64
6.43749 PacketSinkHelper 64
6.44261 PacketSinkHelper 64
6.44773 PacketSinkHelper 64
6.45285 PacketSinkHelper 64
6.45797 PacketSinkHelper 64
6.46309 PacketSinkHelper 64
6.46821 PacketSinkHelper 64
6.47333 PacketSinkHelper 64
6.47845 PacketSinkHelper 64
6.48357 PacketSinkHelper 64
6.48869 PacketSinkHelper 64
6.49381 PacketSinkHelper 64
6.49893 PacketSinkHelper 64
6.50405 PacketSinkHelper 64
6.50917 PacketSinkHelper 64
6.51429 PacketSinkHelper 64
6.51941 PacketSinkHelper 64
6.52453 PacketSinkHelper 64
6.52965 PacketSinkHelper 64
6.53477 PacketSinkHelper 64
6.53989 PacketSinkHelper 64
6.54501 PacketSinkHelper 64
6.55013 PacketSinkHelper 64
6.55525 PacketSinkHelper 64
6.56037 PacketSinkHelper 64
6.56549 PacketSinkHelper 64
6.57061 PacketSinkHelper 64
6.57573 PacketSinkHelper 64
6.58085 PacketSinkHelper 64
6.58597 PacketSinkHelper 64
6.59109 PacketSinkHelper 64
6.59621 PacketSinkHelper 64
6.60133 PacketSinkHelper 64
6.60645 PacketSinkHelper 64
6.61157 PacketSinkHelper 64
6.61669 PacketSinkHelper 64
6.62181 PacketSinkHelper 64
6.62693 PacketSinkHelper 64
6.63205 PacketSinkHelper 64
6.63717 PacketSinkHelper 64
6.64229 PacketSinkHelper 64
6.64741 PacketSinkHelper 64
6.65253 PacketSinkHelper 64
6.65765 PacketSinkHelper 64
6.66277 PacketSinkHelper 64
6.66789 PacketSinkHelper 64
6.67301 PacketSinkHelper 64
6.67813 PacketSinkHelper 64
6.68325 PacketSinkHelper 64
6.68837 PacketSinkHelper 64
6.69349 PacketSinkHelper 64
6.69861 PacketSinkHelper 64
6.70373 PacketSinkHelper 64
6.70885 PacketSinkHelper 64
6.71397 PacketSinkHelper 64
6.71909 PacketSinkHelper 64
6.72421 PacketSinkHelper 64
6.72933 PacketSinkHelper 64
6.73445 PacketSinkHelper 64
6.73957 PacketSinkHelper 64
6.74469 PacketSinkHelper 64
6.74981 PacketSinkHelper 64
6.75493 PacketSinkHelper 64
6.76005 PacketSinkHelper 64
6.76517 PacketSinkHelper 64
6.77029 PacketSinkHelper 64
6.77541 PacketSinkHelper 64
6.78053 PacketSinkHelper 64
6.78565 PacketSinkHelper 64
6.79077 PacketSinkHelper 64
6.79589 PacketSinkHelper 64
6.80101 PacketSinkHelper 64
6.80613 PacketSinkHelper 64
6.81125 PacketSinkHelper 64
6.81637 PacketSinkHelper 64
6.82149 PacketSinkHelper 64
6.82661 PacketSinkHelper 64
6.83173 PacketSinkHelper 64
6.83685 PacketSinkHelper 64
6.84197 PacketSinkHelper 64
6.84709 PacketSinkHelper 64
6.85221 PacketSinkHelper 64
6.85733 PacketSinkHelper 64
6.86245 PacketSinkHelper 64
6.86757 PacketSinkHelper 64
6.87269 PacketSinkHelper 64
6.87781 PacketSinkHelper 64
6.88293 PacketSinkHelper 64
6.88805 PacketSinkHelper 64
6.89317 PacketSinkHelper 64
6.89829 PacketSinkHelper 64
6.90341 PacketSinkHelper 64
6.90853 PacketSinkHelper 64
6.91365 PacketSinkHelper 64
6.91877 PacketSinkHelper 64
6.92389 PacketSinkHelper 64
6.92901 PacketSinkHelper 64
6.93413 PacketSinkHelper 64
6.93925 PacketSinkHelper 64
6.94437 PacketSinkHelper 64
6.94949 PacketSinkHelper 64
6.95461 PacketSinkHelper 64
6.95973 PacketSinkHelper 64
6.96485 PacketSinkHelper 64
6.96997 PacketSinkHelper 64
6.97509 PacketSinkHelper 64
6.98021 PacketSinkHelper 64
6.98533 PacketSinkHelper 64
6.99045 PacketSinkHelper 64
6.99557 PacketSinkHelper 64
7.0007 PacketSinkHelper 64
7.00582 PacketSinkHelper 64
7.01094 PacketSinkHelper 64
7.01606 PacketSinkHelper 64
7.02118 PacketSinkHelper 64
7.0263 PacketSinkHelper 64
7.03142 PacketSinkHelper 64
7.03654 PacketSinkHelper 64
7.04166 PacketSinkHelper 64
7.04678 PacketSinkHelper 64
7.0519 PacketSinkHelper 64
7.05702 PacketSinkHelper 64
7.06214 PacketSinkHelper 64
7.06726 PacketSinkHelper 64
7.07238 PacketSinkHelper 64
7.0775 PacketSinkHelper 64
7.08262 PacketSinkHelper 64
7.08774 PacketSinkHelper 64
7.09286 PacketSinkHelper 64
7.09798 PacketSinkHelper 64
7.1031 PacketSinkHelper 64
7.10822 PacketSinkHelper 64
7.11334 PacketSinkHelper 64
7.11846 PacketSinkHelper 64
7.12358 PacketSinkHelper 64
7.1287 PacketSinkHelper 64
7.13382 PacketSinkHelper 64
7.13894 PacketSinkHelper 64
7.14406 PacketSinkHelper 64
7.14918 PacketSinkHelper 64
7.1543 PacketSinkHelper 64
7.15942 PacketSinkHelper 64
7.16454 PacketSinkHelper 64
7.16966 PacketSinkHelper 64
7.17478 PacketSinkHelper 64
7.1799 PacketSinkHelper 64
7.18502 PacketSinkHelper 64
7.19014 PacketSinkHelper 64
7.19526 PacketSinkHelper 64
7.20038 PacketSinkHelper 64
7.2055 PacketSinkHelper 64
7.21062 PacketSinkHelper 64
7.21574 PacketSinkHelper 64
7.22086 PacketSinkHelper 64
7.22598 PacketSinkHelper 64
7.2311 PacketSinkHelper 64
7.23622 PacketSinkHelper 64
7.24134 PacketSinkHelper 64
7.24646 PacketSinkHelper 64
7.25158 PacketSinkHelper 64
7.2567 PacketSinkHelper 64
7.26182 PacketSinkHelper 64
7.26694 PacketSinkHelper 64
7.27206 PacketSinkHelper 64
7.27718 PacketSinkHelper 64
7.2823 PacketSinkHelper 64
7.28742 PacketSinkHelper 64
7.29254 PacketSinkHelper 64
7.29766 PacketSinkHelper 64
7.30278 PacketSinkHelper 64
7.3079 PacketSinkHelper 64
7.31302 PacketSinkHelper 64
7.31814 PacketSinkHelper 64
7.32326 PacketSinkHelper 64
7.32838 PacketSinkHelper 64
7.3335 PacketSinkHelper 64
7.33862 PacketSinkHelper 64
7.34374 PacketSinkHelper 64
7.34886 PacketSinkHelper 64
7.35398 PacketSinkHelper 64
7.3591 PacketSinkHelper 64
7.36422 PacketSinkHelper 64
7.36934 PacketSinkHelper 64
7.37446 PacketSinkHelper 64
7.37958 PacketSinkHelper 64
7.3847 PacketSinkHelper 64
7.38982 PacketSinkHelper 64
7.39494 PacketSinkHelper 64
7.40006 PacketSinkHelper 64
7.40518 PacketSinkHelper 64
7.4103 PacketSinkHelper 64
7.41542 PacketSinkHelper 64
7.42054 PacketSinkHelper 64
7.42566 PacketSinkHelper 64
7.43078 PacketSinkHelper 64
7.4359 PacketSinkHelper 64
7.44102 PacketSinkHelper 64
7.44614 PacketSinkHelper 64
7.45126 PacketSinkHelper 64
7.45638 PacketSinkHelper 64
7.4615 PacketSinkHelper 64
7.46662 PacketSinkHelper 64
7.47174 PacketSinkHelper 64
7.47686 PacketSinkHelper 64
7.48198 PacketSinkHelper 64
7.4871 PacketSinkHelper 64
7.49222 PacketSinkHelper 64
7.49734 PacketSinkHelper 64
7.50246 PacketSinkHelper 64
7.50758 PacketSinkHelper 64
7.5127 PacketSinkHelper 64
7.51782 PacketSinkHelper 64
7.52294 PacketSinkHelper 64
7.52806 PacketSinkHelper 64
7.53318 PacketSinkHelper 64
7.5383 PacketSinkHelper 64
7.54342 PacketSinkHelper 64
7.54854 PacketSinkHelper 64
7.55366 PacketSinkHelper 64
7.55878 PacketSinkHelper 64
7.5639 PacketSinkHelper 64
7.56902 PacketSinkHelper 64
7.57414 PacketSinkHelper 64
7.57926 PacketSinkHelper 64
7.58438 PacketSinkHelper 64
7.5895 PacketSinkHelper 64
7.59462 PacketSinkHelper 64
7.59974 PacketSinkHelper 64
7.60486 PacketSinkHelper 64
7.60998 PacketSinkHelper 64
7.6151 PacketSinkHelper 64
7.62022 PacketSinkHelper 64
7.62534 PacketSinkHelper 64
7.63046 PacketSinkHelper 64
7.63558 PacketSinkHelper 64
7.6407 PacketSinkHelper 64
7.64582 PacketSinkHelper 64
7.65094 PacketSinkHelper 64
7.65606 PacketSinkHelper 64
7.66118 PacketSinkHelper 64
7.6663 PacketSinkHelper 64
7.67142 PacketSinkHelper 64
7.67654 PacketSinkHelper 64
7.68166 PacketSinkHelper 64
7.68678 PacketSinkHelper 64
7.6919 PacketSinkHelper 64
7.69702 PacketSinkHelper 64
7.70214 PacketSinkHelper 64
7.70726 PacketSinkHelper 64
7.71238 PacketSinkHelper 64
7.7175 PacketSinkHelper 64
7.72262 PacketSinkHelper 64
7.72774 PacketSinkHelper 64
7.73286 PacketSinkHelper 64
7.73798 PacketSinkHelper 64
7.7431 PacketSinkHelper 64
7.74822 PacketSinkHelper 64
7.75334 PacketSinkHelper 64
7.75846 PacketSinkHelper 64
7.76358 PacketSinkHelper 64
7.7687 PacketSinkHelper 64
7.77382 PacketSinkHelper 64
7.77894 PacketSinkHelper 64
7.78406 PacketSinkHelper 64
7.78918 PacketSinkHelper 64
7.7943 PacketSinkHelper 64
7.79942 PacketSinkHelper 64
7.80454 PacketSinkHelper 64
7.80966 PacketSinkHelper 64
7.81478 PacketSinkHelper 64
7.8199 PacketSinkHelper 64
7.82502 PacketSinkHelper 64
7.83014 PacketSinkHelper 64
7.83526 PacketSinkHelper 64
7.84038 PacketSinkHelper 64
7.8455 PacketSinkHelper 64
7.85062 PacketSinkHelper 64
7.85574 PacketSinkHelper 64
7.86086 PacketSinkHelper 64
7.86598 PacketSinkHelper 64
7.8711 PacketSinkHelper 64
7.87622 PacketSinkHelper 64
7.88134 PacketSinkHelper 64
7.88646 PacketSinkHelper 64
7.89158 PacketSinkHelper 64
7.8967 PacketSinkHelper 64
7.90182 PacketSinkHelper 64
7.90694 PacketSinkHelper 64
7.91206 PacketSinkHelper 64
7.91718 PacketSinkHelper 64
7.9223 PacketSinkHelper 64
7.92742 PacketSinkHelper 64
7.93254 PacketSinkHelper 64
7.93766 PacketSinkHelper 64
7.94278 PacketSinkHelper 64
7.9479 PacketSinkHelper 64
7.95302 PacketSinkHelper 64
7.95814 PacketSinkHelper 64
7.96326 PacketSinkHelper 64
7.96838 PacketSinkHelper 64
7.9735 PacketSinkHelper 64
7.97862 PacketSinkHelper 64
7.98374 PacketSinkHelper 64
7.98886 PacketSinkHelper 64
7.99398 PacketSinkHelper 64
7.9991 PacketSinkHelper 64
8.00423 PacketSinkHelper 64
8.00935 PacketSinkHelper 64
8.01447 PacketSinkHelper 64
8.01959 PacketSinkHelper 64
8.02471 PacketSinkHelper 64
8.02983 PacketSinkHelper 64
8.03495 PacketSinkHelper 64
8.04007 PacketSinkHelper 64
8.04519 PacketSinkHelper 64
8.05031 PacketSinkHelper 64
8.05543 PacketSinkHelper 64
8.06055 PacketSinkHelper 64
8.06567 PacketSinkHelper 64
8.07079 PacketSinkHelper 64
8.07591 PacketSinkHelper 64
8.08103 PacketSinkHelper 64
8.08615 PacketSinkHelper 64
8.09127 PacketSinkHelper 64
8.09639 PacketSinkHelper 64
8.10151 PacketSinkHelper 64
8.10663 PacketSinkHelper 64
8.11175 PacketSinkHelper 64
8.11687 PacketSinkHelper 64
8.12199 PacketSinkHelper 64
8.12711 PacketSinkHelper 64
8.13223 PacketSinkHelper 64
8.13735 PacketSinkHelper 64
8.14247 PacketSinkHelper 64
8.14759 PacketSinkHelper 64
8.15271 PacketSinkHelper 64
8.15783 PacketSinkHelper 64
8.16295 PacketSinkHelper 64
8.16807 PacketSinkHelper 64
8.17319 PacketSinkHelper 64
8.17831 PacketSinkHelper 64
8.18343 PacketSinkHelper 64
8.18855 PacketSinkHelper 64
8.19367 PacketSinkHelper 64
8.19879 PacketSinkHelper 64
8.20391 PacketSinkHelper 64
8.20903 PacketSinkHelper 64
8.21415 PacketSinkHelper 64
8.21927 PacketSinkHelper 64
8.22439 PacketSinkHelper 64
8.22951 PacketSinkHelper 64
8.23463 PacketSinkHelper 64
8.23975 PacketSinkHelper 64
8.24487 PacketSinkHelper 64
8.24999 PacketSinkHelper 64
8.25511 PacketSinkHelper 64
8.26023 PacketSinkHelper 64
8.26535 PacketSinkHelper 64
8.27047 PacketSinkHelper 64
8.27559 PacketSinkHelper 64
8.28071 PacketSinkHelper 64
8.28583 PacketSinkHelper 64
8.29095 PacketSinkHelper 64
8.29607 PacketSinkHelper 64
8.30119 PacketSinkHelper 64
8.30631 PacketSinkHelper 64
8.31143 PacketSinkHelper 64
8.31655 PacketSinkHelper 64
8.32167 PacketSinkHelper 64
8.32679 PacketSinkHelper 64
8.33191 PacketSinkHelper 64
8.33703 PacketSinkHelper 64
8.34215 PacketSinkHelper 64
8.34727 PacketSinkHelper 64
8.35239 PacketSinkHelper 64
8.35751 PacketSinkHelper 64
8.36263 PacketSinkHelper 64
8.36775 PacketSinkHelper 64
8.37287 PacketSinkHelper 64
8.37799 PacketSinkHelper 64
8.38311 PacketSinkHelper 64
8.38823 PacketSinkHelper 64
8.39335 PacketSinkHelper 64
8.39847 PacketSinkHelper 64
8.40359 PacketSinkHelper 64
8.40871 PacketSinkHelper 64
8.41383 PacketSinkHelper 64
8.41895 PacketSinkHelper 64
8.42407 PacketSinkHelper 64
8.42919 PacketSinkHelper 64
8.43431 PacketSinkHelper 64
8.43943 PacketSinkHelper 64
8.44455 PacketSinkHelper 64
8.44967 PacketSinkHelper 64
8.45479 PacketSinkHelper 64
8.45991 PacketSinkHelper 64
8.46503 PacketSinkHelper 64
8.47015 PacketSinkHelper 64
8.47527 PacketSinkHelper 64
8.48039 PacketSinkHelper 64
8.48551 PacketSinkHelper 64
8.49063 PacketSinkHelper 64
8.49575 PacketSinkHelper 64
8.50087 PacketSinkHelper 64
8.50599 PacketSinkHelper 64
8.51111 PacketSinkHelper 64
8.51623 PacketSinkHelper 64
8.52135 PacketSinkHelper 64
8.52647 PacketSinkHelper 64
8.53159 PacketSinkHelper 64
8.53671 PacketSinkHelper 64
8.54183 PacketSinkHelper 64
8.54695 PacketSinkHelper 64
8.55207 PacketSinkHelper 64
8.55719 PacketSinkHelper 64
8.56231 PacketSinkHelper 64
8.56743 PacketSinkHelper 64
8.57255 PacketSinkHelper 64
8.57767 PacketSinkHelper 64
8.58279 PacketSinkHelper 64
8.58791 PacketSinkHelper 64
8.59303 PacketSinkHelper 64
8.59815 PacketSinkHelper 64
8.60327 PacketSinkHelper 64
8.60839 PacketSinkHelper 64
8.61351 PacketSinkHelper 64
8.61863 PacketSinkHelper 64
8.62375 PacketSinkHelper 64
8.62887 PacketSinkHelper 64
8.63399 PacketSinkHelper 64
8.63911 PacketSinkHelper 64
8.64423 PacketSinkHelper 64
8.64935 PacketSinkHelper 64
8.65447 PacketSinkHelper 64
8.65959 PacketSinkHelper 64
8.66471 PacketSinkHelper 64
8.66983 PacketSinkHelper 64
8.67495 PacketSinkHelper 64
8.68007 PacketSinkHelper 64
8.68519 PacketSinkHelper 64
8.69031 PacketSinkHelper 64
8.69543 PacketSinkHelper 64
8.70055 PacketSinkHelper 64
8.70567 PacketSinkHelper 64
8.71079 PacketSinkHelper 64
8.71591 PacketSinkHelper 64
8.72103 PacketSinkHelper 64
8.72615 PacketSinkHelper 64
8.73127 PacketSinkHelper 64
8.73639 PacketSinkHelper 64
8.74151 PacketSinkHelper 64
8.74663 PacketSinkHelper 64
8.75175 PacketSinkHelper 64
8.75687 PacketSinkHelper 64
8.76199 PacketSinkHelper 64
8.76711 PacketSinkHelper 64
8.77223 PacketSinkHelper 64
8.77735 PacketSinkHelper 64
8.78247 PacketSinkHelper 64
8.78759 PacketSinkHelper 64
8.79271 PacketSinkHelper 64
8.79783 PacketSinkHelper 64
8.80295 PacketSinkHelper 64
8.80807 PacketSinkHelper 64
8.81319 PacketSinkHelper 64
8.81831 PacketSinkHelper 64
8.82343 PacketSinkHelper 64
8.82855 PacketSinkHelper 64
8.83367 PacketSinkHelper 64
8.83879 PacketSinkHelper 64
8.84391 PacketSinkHelper 64
8.84903 PacketSinkHelper 64
8.85415 PacketSinkHelper 64
8.85927 PacketSinkHelper 64
8.86439 PacketSinkHelper 64
8.86951 PacketSinkHelper 64
8.87463 PacketSinkHelper 64
8.87975 PacketSinkHelper 64
8.88487 PacketSinkHelper 64
8.88999 PacketSinkHelper 64
8.89511 PacketSinkHelper 64
8.90023 PacketSinkHelper 64
8.90535 PacketSinkHelper 64
8.91047 PacketSinkHelper 64
8.91559 PacketSinkHelper 64
8.92071 PacketSinkHelper 64
8.92583 PacketSinkHelper 64
8.93095 PacketSinkHelper 64
8.93607 PacketSinkHelper 64
8.94119 PacketSinkHelper 64
8.94631 PacketSinkHelper 64
8.95143 PacketSinkHelper 64
8.95655 PacketSinkHelper 64
8.96167 PacketSinkHelper 64
8.96679 PacketSinkHelper 64
8.97191 PacketSinkHelper 64
8.97703 PacketSinkHelper 64
8.98215 PacketSinkHelper 64
8.98727 PacketSinkHelper 64
8.99239 PacketSinkHelper 64
8.99751 PacketSinkHelper 64
9.00264 PacketSinkHelper 64
9.00776 PacketSinkHelper 64
9.01288 PacketSinkHelper 64
9.018 PacketSinkHelper 64
9.02312 PacketSinkHelper 64
9.02824 PacketSinkHelper 64
9.03336 PacketSinkHelper 64
9.03848 PacketSinkHelper 64
9.0436 PacketSinkHelper 64
9.04872 PacketSinkHelper 64
9.05384 PacketSinkHelper 64
9.05896 PacketSinkHelper 64
9.06408 PacketSinkHelper 64
9.0692 PacketSinkHelper 64
9.07432 PacketSinkHelper 64
9.07944 PacketSinkHelper 64
9.08456 PacketSinkHelper 64
9.08968 PacketSinkHelper 64
9.0948 PacketSinkHelper 64
9.09992 PacketSinkHelper 64
9.10504 PacketSinkHelper 64
9.11016 PacketSinkHelper 64
9.11528 PacketSinkHelper 64
9.1204 PacketSinkHelper 64
9.12552 PacketSinkHelper 64
9.13064 PacketSinkHelper 64
9.13576 PacketSinkHelper 64
9.14088 PacketSinkHelper 64
9.146 PacketSinkHelper 64
9.15112 PacketSinkHelper 64
9.15624 PacketSinkHelper 64
9.16136 PacketSinkHelper 64
9.16648 PacketSinkHelper 64
9.1716 PacketSinkHelper 64
9.17672 PacketSinkHelper 64
9.18184 PacketSinkHelper 64
9.18696 PacketSinkHelper 64
9.19208 PacketSinkHelper 64
9.1972 PacketSinkHelper 64
9.20232 PacketSinkHelper 64
9.20744 PacketSinkHelper 64
9.21256 PacketSinkHelper 64
9.21768 PacketSinkHelper 64
9.2228 PacketSinkHelper 64
9.22792 PacketSinkHelper 64
9.23304 PacketSinkHelper 64
9.23816 PacketSinkHelper 64
9.24328 PacketSinkHelper 64
9.2484 PacketSinkHelper 64
9.25352 PacketSinkHelper 64
9.25864 PacketSinkHelper 64
9.26376 PacketSinkHelper 64
9.26888 PacketSinkHelper 64
9.274 PacketSinkHelper 64
9.27912 PacketSinkHelper 64
9.28424 PacketSinkHelper 64
9.28936 PacketSinkHelper 64
9.29448 PacketSinkHelper 64
9.2996 PacketSinkHelper 64
9.30472 PacketSinkHelper 64
9.30984 PacketSinkHelper 64
9.31496 PacketSinkHelper 64
9.32008 PacketSinkHelper 64
9.3252 PacketSinkHelper 64
9.33032 PacketSinkHelper 64
9.33544 PacketSinkHelper 64
9.34056 PacketSinkHelper 64
9.34568 PacketSinkHelper 64
9.3508 PacketSinkHelper 64
9.35592 PacketSinkHelper 64
9.36104 PacketSinkHelper 64
9.36616 PacketSinkHelper 64
9.37128 PacketSinkHelper 64
9.3764 PacketSinkHelper 64
9.38152 PacketSinkHelper 64
9.38664 PacketSinkHelper 64
9.39176 PacketSinkHelper 64
9.39688 PacketSinkHelper 64
9.402 PacketSinkHelper 64
9.40712 PacketSinkHelper 64
9.41224 PacketSinkHelper 64
9.41736 PacketSinkHelper 64
9.42248 PacketSinkHelper 64
9.4276 PacketSinkHelper 64
9.43272 PacketSinkHelper 64
9.43784 PacketSinkHelper 64
9.44296 PacketSinkHelper 64
9.44808 PacketSinkHelper 64
9.4532 PacketSinkHelper 64
9.45832 PacketSinkHelper 64
9.46344 PacketSinkHelper 64
9.46856 PacketSinkHelper 64
9.47368 PacketSinkHelper 64
9.4788 PacketSinkHelper 64
9.48392 PacketSinkHelper 64
9.48904 PacketSinkHelper 64
9.49416 PacketSinkHelper 64
9.49928 PacketSinkHelper 64
9.5044 PacketSinkHelper 64
9.50952 PacketSinkHelper 64
9.51464 PacketSinkHelper 64
9.51976 PacketSinkHelper 64
9.52488 PacketSinkHelper 64
9.53 PacketSinkHelper 64
9.53512 PacketSinkHelper 64
9.54024 PacketSinkHelper 64
9.54536 PacketSinkHelper 64
9.55048 PacketSinkHelper 64
9.5556 PacketSinkHelper 64
9.56072 PacketSinkHelper 64
9.56584 PacketSinkHelper 64
9.57096 PacketSinkHelper 64
9.57608 PacketSinkHelper 64
9.5812 PacketSinkHelper 64
9.58632 PacketSinkHelper 64
9.59144 PacketSinkHelper 64
9.59656 PacketSinkHelper 64
9.60168 PacketSinkHelper 64
9.6068 PacketSinkHelper 64
9.61192 PacketSinkHelper 64
9.61704 PacketSinkHelper 64
9.62216 PacketSinkHelper 64
9.62728 PacketSinkHelper 64
9.6324 PacketSinkHelper 64
9.63752 PacketSinkHelper 64
9.64264 PacketSinkHelper 64
9.64776 PacketSinkHelper 64
9.65288 PacketSinkHelper 64
9.658 PacketSinkHelper 64
9.66312 PacketSinkHelper 64
9.66824 PacketSinkHelper 64
9.67336 PacketSinkHelper 64
9.67848 PacketSinkHelper 64
9.6836 PacketSinkHelper 64
9.68872 PacketSinkHelper 64
9.69384 PacketSinkHelper 64
9.69896 PacketSinkHelper 64
9.70408 PacketSinkHelper 64
9.7092 PacketSinkHelper 64
9.71432 PacketSinkHelper 64
9.71944 PacketSinkHelper 64
9.72456 PacketSinkHelper 64
9.72968 PacketSinkHelper 64
9.7348 PacketSinkHelper 64
9.73992 PacketSinkHelper 64
9.74504 PacketSinkHelper 64
9.75016 PacketSinkHelper 64
9.75528 PacketSinkHelper 64
9.7604 PacketSinkHelper 64
9.76552 PacketSinkHelper 64
9.77064 PacketSinkHelper 64
9.77576 PacketSinkHelper 64
9.78088 PacketSinkHelper 64
9.786 PacketSinkHelper 64
9.79112 PacketSinkHelper 64
9.79624 PacketSinkHelper 64
9.80136 PacketSinkHelper 64
9.80648 PacketSinkHelper 64
9.8116 PacketSinkHelper 64
9.81672 PacketSinkHelper 64
9.82184 PacketSinkHelper 64
9.82696 PacketSinkHelper 64
9.83208 PacketSinkHelper 64
9.8372 PacketSinkHelper 64
9.84232 PacketSinkHelper 64
9.84744 PacketSinkHelper 64
9.85256 PacketSinkHelper 64
9.85768 PacketSinkHelper 64
9.8628 PacketSinkHelper 64
9.86792 PacketSinkHelper 64
9.87304 PacketSinkHelper 64
9.87816 PacketSinkHelper 64
9.88328 PacketSinkHelper 64
9.8884 PacketSinkHelper 64
9.89352 PacketSinkHelper 64
9.89864 PacketSinkHelper 64
9.90376 PacketSinkHelper 64
9.90888 PacketSinkHelper 64
9.914 PacketSinkHelper 64
9.91912 PacketSinkHelper 64
9.92424 PacketSinkHelper 64
9.92936 PacketSinkHelper 64
9.93448 PacketSinkHelper 64
9.9396 PacketSinkHelper 64
9.94472 PacketSinkHelper 64
9.94984 PacketSinkHelper 64
9.95496 PacketSinkHelper 64
9.96008 PacketSinkHelper 64
9.9652 PacketSinkHelper 64
9.97032 PacketSinkHelper 64
9.97544 PacketSinkHelper 64
9.98056 PacketSinkHelper 64
9.98568 PacketSinkHelper 64
9.9908 PacketSinkHelper 64
9.99592 PacketSinkHelper 64
