1.00512 OnOffHelper 64
1.01024 OnOffHelper 64
1.01536 OnOffHelper 64
1.02048 OnOffHelper 64
1.0256 OnOffHelper 64
1.03072 OnOffHelper 64
1.03584 OnOffHelper 64
1.04096 OnOffHelper 64
1.04608 OnOffHelper 64
1.0512 OnOffHelper 64
1.05632 OnOffHelper 64
1.06144 OnOffHelper 64
1.06656 OnOffHelper 64
1.07168 OnOffHelper 64
1.0768 OnOffHelper 64
1.08192 OnOffHelper 64
1.08704 OnOffHelper 64
1.09216 OnOffHelper 64
1.09728 OnOffHelper 64
1.1024 OnOffHelper 64
1.10752 OnOffHelper 64
1.11264 OnOffHelper 64
1.11776 OnOffHelper 64
1.12288 OnOffHelper 64
1.128 OnOffHelper 64
1.13312 OnOffHelper 64
1.13824 OnOffHelper 64
1.14336 OnOffHelper 64
1.14848 OnOffHelper 64
1.1536 OnOffHelper 64
1.15872 OnOffHelper 64
1.16384 OnOffHelper 64
1.16896 OnOffHelper 64
1.17408 OnOffHelper 64
1.1792 OnOffHelper 64
1.18432 OnOffHelper 64
1.18944 OnOffHelper 64
1.19456 OnOffHelper 64
1.19968 OnOffHelper 64
1.2048 OnOffHelper 64
1.20992 OnOffHelper 64
1.21504 OnOffHelper 64
1.22016 OnOffHelper 64
1.22528 OnOffHelper 64
1.2304 OnOffHelper 64
1.23552 OnOffHelper 64
1.24064 OnOffHelper 64
1.24576 OnOffHelper 64
1.25088 OnOffHelper 64
1.256 OnOffHelper 64
1.26112 OnOffHelper 64
1.26624 OnOffHelper 64
1.27136 OnOffHelper 64
1.27648 OnOffHelper 64
1.2816 OnOffHelper 64
1.28672 OnOffHelper 64
1.29184 OnOffHelper 64
1.29696 OnOffHelper 64
1.30208 OnOffHelper 64
1.3072 OnOffHelper 64
1.31232 OnOffHelper 64
1.31744 OnOffHelper 64
1.32256 OnOffHelper 64
1.32768 OnOffHelper 64
1.3328 OnOffHelper 64
1.33792 OnOffHelper 64
1.34304 OnOffHelper 64
1.34816 OnOffHelper 64
1.35328 OnOffHelper 64
1.3584 OnOffHelper 64
1.36352 OnOffHelper 64
1.36864 OnOffHelper 64
1.37376 OnOffHelper 64
1.37888 OnOffHelper 64
1.384 OnOffHelper 64
1.38912 OnOffHelper 64
1.39424 OnOffHelper 64
1.39936 OnOffHelper 64
1.40448 OnOffHelper 64
1.4096 OnOffHelper 64
1.41472 OnOffHelper 64
1.41984 OnOffHelper 64
1.42496 OnOffHelper 64
1.43008 OnOffHelper 64
1.4352 OnOffHelper 64
1.44032 OnOffHelper 64
1.44544 OnOffHelper 64
1.45056 OnOffHelper 64
1.45568 OnOffHelper 64
1.4608 OnOffHelper 64
1.46592 OnOffHelper 64
1.47104 OnOffHelper 64
1.47616 OnOffHelper 64
1.48128 OnOffHelper 64
1.4864 OnOffHelper 64
1.49152 OnOffHelper 64
1.49664 OnOffHelper 64
1.50176 OnOffHelper 64
1.50688 OnOffHelper 64
1.512 OnOffHelper 64
1.51712 OnOffHelper 64
1.52224 OnOffHelper 64
1.52736 OnOffHelper 64
1.53248 OnOffHelper 64
1.5376 OnOffHelper 64
1.54272 OnOffHelper 64
1.54784 OnOffHelper 64
1.55296 OnOffHelper 64
1.55808 OnOffHelper 64
1.5632 OnOffHelper 64
1.56832 OnOffHelper 64
1.57344 OnOffHelper 64
1.57856 OnOffHelper 64
1.58368 OnOffHelper 64
1.5888 OnOffHelper 64
1.59392 OnOffHelper 64
1.59904 OnOffHelper 64
1.60416 OnOffHelper 64
1.60928 OnOffHelper 64
1.6144 OnOffHelper 64
1.61952 OnOffHelper 64
1.62464 OnOffHelper 64
1.62976 OnOffHelper 64
1.63488 OnOffHelper 64
1.64 OnOffHelper 64
1.64512 OnOffHelper 64
1.65024 OnOffHelper 64
1.65536 OnOffHelper 64
1.66048 OnOffHelper 64
1.6656 OnOffHelper 64
1.67072 OnOffHelper 64
1.67584 OnOffHelper 64
1.68096 OnOffHelper 64
1.68608 OnOffHelper 64
1.6912 OnOffHelper 64
1.69632 OnOffHelper 64
1.70144 OnOffHelper 64
1.70656 OnOffHelper 64
1.71168 OnOffHelper 64
1.7168 OnOffHelper 64
1.72192 OnOffHelper 64
1.72704 OnOffHelper 64
1.73216 OnOffHelper 64
1.73728 OnOffHelper 64
1.7424 OnOffHelper 64
1.74752 OnOffHelper 64
1.75264 OnOffHelper 64
1.75776 OnOffHelper 64
1.76288 OnOffHelper 64
1.768 OnOffHelper 64
1.77312 OnOffHelper 64
1.77824 OnOffHelper 64
1.78336 OnOffHelper 64
1.78848 OnOffHelper 64
1.7936 OnOffHelper 64
1.79872 OnOffHelper 64
1.80384 OnOffHelper 64
1.80896 OnOffHelper 64
1.81408 OnOffHelper 64
1.8192 OnOffHelper 64
1.82432 OnOffHelper 64
1.82944 OnOffHelper 64
1.83456 OnOffHelper 64
1.83968 OnOffHelper 64
1.8448 OnOffHelper 64
1.84992 OnOffHelper 64
1.85504 OnOffHelper 64
1.86016 OnOffHelper 64
1.86528 OnOffHelper 64
1.8704 OnOffHelper 64
1.87552 OnOffHelper 64
1.88064 OnOffHelper 64
1.88576 OnOffHelper 64
1.89088 OnOffHelper 64
1.896 OnOffHelper 64
1.90112 OnOffHelper 64
1.90624 OnOffHelper 64
1.91136 OnOffHelper 64
1.91648 OnOffHelper 64
1.9216 OnOffHelper 64
1.92672 OnOffHelper 64
1.93184 OnOffHelper 64
1.93696 OnOffHelper 64
1.94208 OnOffHelper 64
1.9472 OnOffHelper 64
1.95232 OnOffHelper 64
1.95744 OnOffHelper 64
1.96256 OnOffHelper 64
1.96768 OnOffHelper 64
1.9728 OnOffHelper 64
1.97792 OnOffHelper 64
1.98304 OnOffHelper 64
1.98816 OnOffHelper 64
1.99328 OnOffHelper 64
1.9984 OnOffHelper 64
2.00353 OnOffHelper 64
2.00865 OnOffHelper 64
2.01377 OnOffHelper 64
2.01889 OnOffHelper 64
2.02401 OnOffHelper 64
2.02913 OnOffHelper 64
2.03425 OnOffHelper 64
2.03937 OnOffHelper 64
2.04449 OnOffHelper 64
2.04961 OnOffHelper 64
2.05473 OnOffHelper 64
2.05985 OnOffHelper 64
2.06497 OnOffHelper 64
2.07009 OnOffHelper 64
2.07521 OnOffHelper 64
2.08033 OnOffHelper 64
2.08545 OnOffHelper 64
2.09057 OnOffHelper 64
2.09569 OnOffHelper 64
2.10081 OnOffHelper 64
2.10593 OnOffHelper 64
2.11105 OnOffHelper 64
2.11617 OnOffHelper 64
2.12129 OnOffHelper 64
2.12641 OnOffHelper 64
2.13153 OnOffHelper 64
2.13665 OnOffHelper 64
2.14177 OnOffHelper 64
2.14689 OnOffHelper 64
2.15201 OnOffHelper 64
2.15713 OnOffHelper 64
2.16225 OnOffHelper 64
2.16737 OnOffHelper 64
2.17249 OnOffHelper 64
2.17761 OnOffHelper 64
2.18273 OnOffHelper 64
2.18785 OnOffHelper 64
2.19297 OnOffHelper 64
2.19809 OnOffHelper 64
2.20321 OnOffHelper 64
2.20833 OnOffHelper 64
2.21345 OnOffHelper 64
2.21857 OnOffHelper 64
2.22369 OnOffHelper 64
2.22881 OnOffHelper 64
2.23393 OnOffHelper 64
2.23905 OnOffHelper 64
2.24417 OnOffHelper 64
2.24929 OnOffHelper 64
2.25441 OnOffHelper 64
2.25953 OnOffHelper 64
2.26465 OnOffHelper 64
2.26977 OnOffHelper 64
2.27489 OnOffHelper 64
2.28001 OnOffHelper 64
2.28513 OnOffHelper 64
2.29025 OnOffHelper 64
2.29537 OnOffHelper 64
2.30049 OnOffHelper 64
2.30561 OnOffHelper 64
2.31073 OnOffHelper 64
2.31585 OnOffHelper 64
2.32097 OnOffHelper 64
2.32609 OnOffHelper 64
2.33121 OnOffHelper 64
2.33633 OnOffHelper 64
2.34145 OnOffHelper 64
2.34657 OnOffHelper 64
2.35169 OnOffHelper 64
2.35681 OnOffHelper 64
2.36193 OnOffHelper 64
2.36705 OnOffHelper 64
2.37217 OnOffHelper 64
2.37729 OnOffHelper 64
2.38241 OnOffHelper 64
2.38753 OnOffHelper 64
2.39265 OnOffHelper 64
2.39777 OnOffHelper 64
2.40289 OnOffHelper 64
2.40801 OnOffHelper 64
2.41313 OnOffHelper 64
2.41825 OnOffHelper 64
2.42337 OnOffHelper 64
2.42849 OnOffHelper 64
2.43361 OnOffHelper 64
2.43873 OnOffHelper 64
2.44385 OnOffHelper 64
2.44897 OnOffHelper 64
2.45409 OnOffHelper 64
2.45921 OnOffHelper 64
2.46433 OnOffHelper 64
2.46945 OnOffHelper 64
2.47457 OnOffHelper 64
2.47969 OnOffHelper 64
2.48481 OnOffHelper 64
2.48993 OnOffHelper 64
2.49505 OnOffHelper 64
2.50017 OnOffHelper 64
2.50529 OnOffHelper 64
2.51041 OnOffHelper 64
2.51553 OnOffHelper 64
2.52065 OnOffHelper 64
2.52577 OnOffHelper 64
2.53089 OnOffHelper 64
2.53601 OnOffHelper 64
2.54113 OnOffHelper 64
2.54625 OnOffHelper 64
2.55137 OnOffHelper 64
2.55649 OnOffHelper 64
2.56161 OnOffHelper 64
2.56673 OnOffHelper 64
2.57185 OnOffHelper 64
2.57697 OnOffHelper 64
2.58209 OnOffHelper 64
2.58721 OnOffHelper 64
2.59233 OnOffHelper 64
2.59745 OnOffHelper 64
2.60257 OnOffHelper 64
2.60769 OnOffHelper 64
2.61281 OnOffHelper 64
2.61793 OnOffHelper 64
2.62305 OnOffHelper 64
2.62817 OnOffHelper 64
2.63329 OnOffHelper 64
2.63841 OnOffHelper 64
2.64353 OnOffHelper 64
2.64865 OnOffHelper 64
2.65377 OnOffHelper 64
2.65889 OnOffHelper 64
2.66401 OnOffHelper 64
2.66913 OnOffHelper 64
2.67425 OnOffHelper 64
2.67937 OnOffHelper 64
2.68449 OnOffHelper 64
2.68961 OnOffHelper 64
2.69473 OnOffHelper 64
2.69985 OnOffHelper 64
2.70497 OnOffHelper 64
2.71009 OnOffHelper 64
2.71521 OnOffHelper 64
2.72033 OnOffHelper 64
2.72545 OnOffHelper 64
2.73057 OnOffHelper 64
2.73569 OnOffHelper 64
2.74081 OnOffHelper 64
2.74593 OnOffHelper 64
2.75105 OnOffHelper 64
2.75617 OnOffHelper 64
2.76129 OnOffHelper 64
2.76641 OnOffHelper 64
2.77153 OnOffHelper 64
2.77665 OnOffHelper 64
2.78177 OnOffHelper 64
2.78689 OnOffHelper 64
2.79201 OnOffHelper 64
2.79713 OnOffHelper 64
2.80225 OnOffHelper 64
2.80737 OnOffHelper 64
2.81249 OnOffHelper 64
2.81761 OnOffHelper 64
2.82273 OnOffHelper 64
2.82785 OnOffHelper 64
2.83297 OnOffHelper 64
2.83809 OnOffHelper 64
2.84321 OnOffHelper 64
2.84833 OnOffHelper 64
2.85345 OnOffHelper 64
2.85857 OnOffHelper 64
2.86369 OnOffHelper 64
2.86881 OnOffHelper 64
2.87393 OnOffHelper 64
2.87905 OnOffHelper 64
2.88417 OnOffHelper 64
2.88929 OnOffHelper 64
2.89441 OnOffHelper 64
2.89953 OnOffHelper 64
2.90465 OnOffHelper 64
2.90977 OnOffHelper 64
2.91489 OnOffHelper 64
2.92001 OnOffHelper 64
2.92513 OnOffHelper 64
2.93025 OnOffHelper 64
2.93537 OnOffHelper 64
2.94049 OnOffHelper 64
2.94561 OnOffHelper 64
2.95073 OnOffHelper 64
2.95585 OnOffHelper 64
2.96097 OnOffHelper 64
2.96609 OnOffHelper 64
2.97121 OnOffHelper 64
2.97633 OnOffHelper 64
2.98145 OnOffHelper 64
2.98657 OnOffHelper 64
2.99169 OnOffHelper 64
2.99681 OnOffHelper 64
3.00194 OnOffHelper 64
3.00706 OnOffHelper 64
3.01218 OnOffHelper 64
3.0173 OnOffHelper 64
3.02242 OnOffHelper 64
3.02754 OnOffHelper 64
3.03266 OnOffHelper 64
3.03778 OnOffHelper 64
3.0429 OnOffHelper 64
3.04802 OnOffHelper 64
3.05314 OnOffHelper 64
3.05826 OnOffHelper 64
3.06338 OnOffHelper 64
3.0685 OnOffHelper 64
3.07362 OnOffHelper 64
3.07874 OnOffHelper 64
3.08386 OnOffHelper 64
3.08898 OnOffHelper 64
3.0941 OnOffHelper 64
3.09922 OnOffHelper 64
3.10434 OnOffHelper 64
3.10946 OnOffHelper 64
3.11458 OnOffHelper 64
3.1197 OnOffHelper 64
3.12482 OnOffHelper 64
3.12994 OnOffHelper 64
3.13506 OnOffHelper 64
3.14018 OnOffHelper 64
3.1453 OnOffHelper 64
3.15042 OnOffHelper 64
3.15554 OnOffHelper 64
3.16066 OnOffHelper 64
3.16578 OnOffHelper 64
3.1709 OnOffHelper 64
3.17602 OnOffHelper 64
3.18114 OnOffHelper 64
3.18626 OnOffHelper 64
3.19138 OnOffHelper 64
3.1965 OnOffHelper 64
3.20162 OnOffHelper 64
3.20674 OnOffHelper 64
3.21186 OnOffHelper 64
3.21698 OnOffHelper 64
3.2221 OnOffHelper 64
3.22722 OnOffHelper 64
3.23234 OnOffHelper 64
3.23746 OnOffHelper 64
3.24258 OnOffHelper 64
3.2477 OnOffHelper 64
3.25282 OnOffHelper 64
3.25794 OnOffHelper 64
3.26306 OnOffHelper 64
3.26818 OnOffHelper 64
3.2733 OnOffHelper 64
3.27842 OnOffHelper 64
3.28354 OnOffHelper 64
3.28866 OnOffHelper 64
3.29378 OnOffHelper 64
3.2989 OnOffHelper 64
3.30402 OnOffHelper 64
3.30914 OnOffHelper 64
3.31426 OnOffHelper 64
3.31938 OnOffHelper 64
3.3245 OnOffHelper 64
3.32962 OnOffHelper 64
3.33474 OnOffHelper 64
3.33986 OnOffHelper 64
3.34498 OnOffHelper 64
3.3501 OnOffHelper 64
3.35522 OnOffHelper 64
3.36034 OnOffHelper 64
3.36546 OnOffHelper 64
3.37058 OnOffHelper 64
3.3757 OnOffHelper 64
3.38082 OnOffHelper 64
3.38594 OnOffHelper 64
3.39106 OnOffHelper 64
3.39618 OnOffHelper 64
3.4013 OnOffHelper 64
3.40642 OnOffHelper 64
3.41154 OnOffHelper 64
3.41666 OnOffHelper 64
3.42178 OnOffHelper 64
3.4269 OnOffHelper 64
3.43202 OnOffHelper 64
3.43714 OnOffHelper 64
3.44226 OnOffHelper 64
3.44738 OnOffHelper 64
3.4525 OnOffHelper 64
3.45762 OnOffHelper 64
3.46274 OnOffHelper 64
3.46786 OnOffHelper 64
3.47298 OnOffHelper 64
3.4781 OnOffHelper 64
3.48322 OnOffHelper 64
3.48834 OnOffHelper 64
3.49346 OnOffHelper 64
3.49858 OnOffHelper 64
3.5037 OnOffHelper 64
3.50882 OnOffHelper 64
3.51394 OnOffHelper 64
3.51906 OnOffHelper 64
3.52418 OnOffHelper 64
3.5293 OnOffHelper 64
3.53442 OnOffHelper 64
3.53954 OnOffHelper 64
3.54466 OnOffHelper 64
3.54978 OnOffHelper 64
3.5549 OnOffHelper 64
3.56002 OnOffHelper 64
3.56514 OnOffHelper 64
3.57026 OnOffHelper 64
3.57538 OnOffHelper 64
3.5805 OnOffHelper 64
3.58562 OnOffHelper 64
3.59074 OnOffHelper 64
3.59586 OnOffHelper 64
3.60098 OnOffHelper 64
3.6061 OnOffHelper 64
3.61122 OnOffHelper 64
3.61634 OnOffHelper 64
3.62146 OnOffHelper 64
3.62658 OnOffHelper 64
3.6317 OnOffHelper 64
3.63682 OnOffHelper 64
3.64194 OnOffHelper 64
3.64706 OnOffHelper 64
3.65218 OnOffHelper 64
3.6573 OnOffHelper 64
3.66242 OnOffHelper 64
3.66754 OnOffHelper 64
3.67266 OnOffHelper 64
3.67778 OnOffHelper 64
3.6829 OnOffHelper 64
3.68802 OnOffHelper 64
3.69314 OnOffHelper 64
3.69826 OnOffHelper 64
3.70338 OnOffHelper 64
3.7085 OnOffHelper 64
3.71362 OnOffHelper 64
3.71874 OnOffHelper 64
3.72386 OnOffHelper 64
3.72898 OnOffHelper 64
3.7341 OnOffHelper 64
3.73922 OnOffHelper 64
3.74434 OnOffHelper 64
3.74946 OnOffHelper 64
3.75458 OnOffHelper 64
3.7597 OnOffHelper 64
3.76482 OnOffHelper 64
3.76994 OnOffHelper 64
3.77506 OnOffHelper 64
3.78018 OnOffHelper 64
3.7853 OnOffHelper 64
3.79042 OnOffHelper 64
3.79554 OnOffHelper 64
3.80066 OnOffHelper 64
3.80578 OnOffHelper 64
3.8109 OnOffHelper 64
3.81602 OnOffHelper 64
3.82114 OnOffHelper 64
3.82626 OnOffHelper 64
3.83138 OnOffHelper 64
3.8365 OnOffHelper 64
3.84162 OnOffHelper 64
3.84674 OnOffHelper 64
3.85186 OnOffHelper 64
3.85698 OnOffHelper 64
3.8621 OnOffHelper 64
3.86722 OnOffHelper 64
3.87234 OnOffHelper 64
3.87746 OnOffHelper 64
3.88258 OnOffHelper 64
3.8877 OnOffHelper 64
3.89282 OnOffHelper 64
3.89794 OnOffHelper 64
3.90306 OnOffHelper 64
3.90818 OnOffHelper 64
3.9133 OnOffHelper 64
3.91842 OnOffHelper 64
3.92354 OnOffHelper 64
3.92866 OnOffHelper 64
3.93378 OnOffHelper 64
3.9389 OnOffHelper 64
3.94402 OnOffHelper 64
3.94914 OnOffHelper 64
3.95426 OnOffHelper 64
3.95938 OnOffHelper 64
3.9645 OnOffHelper 64
3.96962 OnOffHelper 64
3.97474 OnOffHelper 64
3.97986 OnOffHelper 64
3.98498 OnOffHelper 64
3.9901 OnOffHelper 64
3.99522 OnOffHelper 64
4.00035 OnOffHelper 64
4.00547 OnOffHelper 64
4.01059 OnOffHelper 64
4.01571 OnOffHelper 64
4.02083 OnOffHelper 64
4.02595 OnOffHelper 64
4.03107 OnOffHelper 64
4.03619 OnOffHelper 64
4.04131 OnOffHelper 64
4.04643 OnOffHelper 64
4.05155 OnOffHelper 64
4.05667 OnOffHelper 64
4.06179 OnOffHelper 64
4.06691 OnOffHelper 64
4.07203 OnOffHelper 64
4.07715 OnOffHelper 64
4.08227 OnOffHelper 64
4.08739 OnOffHelper 64
4.09251 OnOffHelper 64
4.09763 OnOffHelper 64
4.10275 OnOffHelper 64
4.10787 OnOffHelper 64
4.11299 OnOffHelper 64
4.11811 OnOffHelper 64
4.12323 OnOffHelper 64
4.12835 OnOffHelper 64
4.13347 OnOffHelper 64
4.13859 OnOffHelper 64
4.14371 OnOffHelper 64
4.14883 OnOffHelper 64
4.15395 OnOffHelper 64
4.15907 OnOffHelper 64
4.16419 OnOffHelper 64
4.16931 OnOffHelper 64
4.17443 OnOffHelper 64
4.17955 OnOffHelper 64
4.18467 OnOffHelper 64
4.18979 OnOffHelper 64
4.19491 OnOffHelper 64
4.20003 OnOffHelper 64
4.20515 OnOffHelper 64
4.21027 OnOffHelper 64
4.21539 OnOffHelper 64
4.22051 OnOffHelper 64
4.22563 OnOffHelper 64
4.23075 OnOffHelper 64
4.23587 OnOffHelper 64
4.24099 OnOffHelper 64
4.24611 OnOffHelper 64
4.25123 OnOffHelper 64
4.25635 OnOffHelper 64
4.26147 OnOffHelper 64
4.26659 OnOffHelper 64
4.27171 OnOffHelper 64
4.27683 OnOffHelper 64
4.28195 OnOffHelper 64
4.28707 OnOffHelper 64
4.29219 OnOffHelper 64
4.29731 OnOffHelper 64
4.30243 OnOffHelper 64
4.30755 OnOffHelper 64
4.31267 OnOffHelper 64
4.31779 OnOffHelper 64
4.32291 OnOffHelper 64
4.32803 OnOffHelper 64
4.33315 OnOffHelper 64
4.33827 OnOffHelper 64
4.34339 OnOffHelper 64
4.34851 OnOffHelper 64
4.35363 OnOffHelper 64
4.35875 OnOffHelper 64
4.36387 OnOffHelper 64
4.36899 OnOffHelper 64
4.37411 OnOffHelper 64
4.37923 OnOffHelper 64
4.38435 OnOffHelper 64
4.38947 OnOffHelper 64
4.39459 OnOffHelper 64
4.39971 OnOffHelper 64
4.40483 OnOffHelper 64
4.40995 OnOffHelper 64
4.41507 OnOffHelper 64
4.42019 OnOffHelper 64
4.42531 OnOffHelper 64
4.43043 OnOffHelper 64
4.43555 OnOffHelper 64
4.44067 OnOffHelper 64
4.44579 OnOffHelper 64
4.45091 OnOffHelper 64
4.45603 OnOffHelper 64
4.46115 OnOffHelper 64
4.46627 OnOffHelper 64
4.47139 OnOffHelper 64
4.47651 OnOffHelper 64
4.48163 OnOffHelper 64
4.48675 OnOffHelper 64
4.49187 OnOffHelper 64
4.49699 OnOffHelper 64
4.50211 OnOffHelper 64
4.50723 OnOffHelper 64
4.51235 OnOffHelper 64
4.51747 OnOffHelper 64
4.52259 OnOffHelper 64
4.52771 OnOffHelper 64
4.53283 OnOffHelper 64
4.53795 OnOffHelper 64
4.54307 OnOffHelper 64
4.54819 OnOffHelper 64
4.55331 OnOffHelper 64
4.55843 OnOffHelper 64
4.56355 OnOffHelper 64
4.56867 OnOffHelper 64
4.57379 OnOffHelper 64
4.57891 OnOffHelper 64
4.58403 OnOffHelper 64
4.58915 OnOffHelper 64
4.59427 OnOffHelper 64
4.59939 OnOffHelper 64
4.60451 OnOffHelper 64
4.60963 OnOffHelper 64
4.61475 OnOffHelper 64
4.61987 OnOffHelper 64
4.62499 OnOffHelper 64
4.63011 OnOffHelper 64
4.63523 OnOffHelper 64
4.64035 OnOffHelper 64
4.64547 OnOffHelper 64
4.65059 OnOffHelper 64
4.65571 OnOffHelper 64
4.66083 OnOffHelper 64
4.66595 OnOffHelper 64
4.67107 OnOffHelper 64
4.67619 OnOffHelper 64
4.68131 OnOffHelper 64
4.68643 OnOffHelper 64
4.69155 OnOffHelper 64
4.69667 OnOffHelper 64
4.70179 OnOffHelper 64
4.70691 OnOffHelper 64
4.71203 OnOffHelper 64
4.71715 OnOffHelper 64
4.72227 OnOffHelper 64
4.72739 OnOffHelper 64
4.73251 OnOffHelper 64
4.73763 OnOffHelper 64
4.74275 OnOffHelper 64
4.74787 OnOffHelper 64
4.75299 OnOffHelper 64
4.75811 OnOffHelper 64
4.76323 OnOffHelper 64
4.76835 OnOffHelper 64
4.77347 OnOffHelper 64
4.77859 OnOffHelper 64
4.78371 OnOffHelper 64
4.78883 OnOffHelper 64
4.79395 OnOffHelper 64
4.79907 OnOffHelper 64
4.80419 OnOffHelper 64
4.80931 OnOffHelper 64
4.81443 OnOffHelper 64
4.81955 OnOffHelper 64
4.82467 OnOffHelper 64
4.82979 OnOffHelper 64
4.83491 OnOffHelper 64
4.84003 OnOffHelper 64
4.84515 OnOffHelper 64
4.85027 OnOffHelper 64
4.85539 OnOffHelper 64
4.86051 OnOffHelper 64
4.86563 OnOffHelper 64
4.87075 OnOffHelper 64
4.87587 OnOffHelper 64
4.88099 OnOffHelper 64
4.88611 OnOffHelper 64
4.89123 OnOffHelper 64
4.89635 OnOffHelper 64
4.90147 OnOffHelper 64
4.90659 OnOffHelper 64
4.91171 OnOffHelper 64
4.91683 OnOffHelper 64
4.92195 OnOffHelper 64
4.92707 OnOffHelper 64
4.93219 OnOffHelper 64
4.93731 OnOffHelper 64
4.94243 OnOffHelper 64
4.94755 OnOffHelper 64
4.95267 OnOffHelper 64
4.95779 OnOffHelper 64
4.96291 OnOffHelper 64
4.96803 OnOffHelper 64
4.97315 OnOffHelper 64
4.97827 OnOffHelper 64
4.98339 OnOffHelper 64
4.98851 OnOffHelper 64
4.99363 OnOffHelper 64
4.99875 OnOffHelper 64
5.00388 OnOffHelper 64
5.009 OnOffHelper 64
5.01412 OnOffHelper 64
5.01924 OnOffHelper 64
5.02436 OnOffHelper 64
5.02948 OnOffHelper 64
5.0346 OnOffHelper 64
5.03972 OnOffHelper 64
5.04484 OnOffHelper 64
5.04996 OnOffHelper 64
5.05508 OnOffHelper 64
5.0602 OnOffHelper 64
5.06532 OnOffHelper 64
5.07044 OnOffHelper 64
5.07556 OnOffHelper 64
5.08068 OnOffHelper 64
5.0858 OnOffHelper 64
5.09092 OnOffHelper 64
5.09604 OnOffHelper 64
5.10116 OnOffHelper 64
5.10628 OnOffHelper 64
5.1114 OnOffHelper 64
5.11652 OnOffHelper 64
5.12164 OnOffHelper 64
5.12676 OnOffHelper 64
5.13188 OnOffHelper 64
5.137 OnOffHelper 64
5.14212 OnOffHelper 64
5.14724 OnOffHelper 64
5.15236 OnOffHelper 64
5.15748 OnOffHelper 64
5.1626 OnOffHelper 64
5.16772 OnOffHelper 64
5.17284 OnOffHelper 64
5.17796 OnOffHelper 64
5.18308 OnOffHelper 64
5.1882 OnOffHelper 64
5.19332 OnOffHelper 64
5.19844 OnOffHelper 64
5.20356 OnOffHelper 64
5.20868 OnOffHelper 64
5.2138 OnOffHelper 64
5.21892 OnOffHelper 64
5.22404 OnOffHelper 64
5.22916 OnOffHelper 64
5.23428 OnOffHelper 64
5.2394 OnOffHelper 64
5.24452 OnOffHelper 64
5.24964 OnOffHelper 64
5.25476 OnOffHelper 64
5.25988 OnOffHelper 64
5.265 OnOffHelper 64
5.27012 OnOffHelper 64
5.27524 OnOffHelper 64
5.28036 OnOffHelper 64
5.28548 OnOffHelper 64
5.2906 OnOffHelper 64
5.29572 OnOffHelper 64
5.30084 OnOffHelper 64
5.30596 OnOffHelper 64
5.31108 OnOffHelper 64
5.3162 OnOffHelper 64
5.32132 OnOffHelper 64
5.32644 OnOffHelper 64
5.33156 OnOffHelper 64
5.33668 OnOffHelper 64
5.3418 OnOffHelper 64
5.34692 OnOffHelper 64
5.35204 OnOffHelper 64
5.35716 OnOffHelper 64
5.36228 OnOffHelper 64
5.3674 OnOffHelper 64
5.37252 OnOffHelper 64
5.37764 OnOffHelper 64
5.38276 OnOffHelper 64
5.38788 OnOffHelper 64
5.393 OnOffHelper 64
5.39812 OnOffHelper 64
5.40324 OnOffHelper 64
5.40836 OnOffHelper 64
5.41348 OnOffHelper 64
5.4186 OnOffHelper 64
5.42372 OnOffHelper 64
5.42884 OnOffHelper 64
5.43396 OnOffHelper 64
5.43908 OnOffHelper 64
5.4442 OnOffHelper 64
5.44932 OnOffHelper 64
5.45444 OnOffHelper 64
5.45956 OnOffHelper 64
5.46468 OnOffHelper 64
5.4698 OnOffHelper 64
5.47492 OnOffHelper 64
5.48004 OnOffHelper 64
5.48516 OnOffHelper 64
5.49028 OnOffHelper 64
5.4954 OnOffHelper 64
5.50052 OnOffHelper 64
5.50564 OnOffHelper 64
5.51076 OnOffHelper 64
5.51588 OnOffHelper 64
5.521 OnOffHelper 64
5.52612 OnOffHelper 64
5.53124 OnOffHelper 64
5.53636 OnOffHelper 64
5.54148 OnOffHelper 64
5.5466 OnOffHelper 64
5.55172 OnOffHelper 64
5.55684 OnOffHelper 64
5.56196 OnOffHelper 64
5.56708 OnOffHelper 64
5.5722 OnOffHelper 64
5.57732 OnOffHelper 64
5.58244 OnOffHelper 64
5.58756 OnOffHelper 64
5.59268 OnOffHelper 64
5.5978 OnOffHelper 64
5.60292 OnOffHelper 64
5.60804 OnOffHelper 64
5.61316 OnOffHelper 64
5.61828 OnOffHelper 64
5.6234 OnOffHelper 64
5.62852 OnOffHelper 64
5.63364 OnOffHelper 64
5.63876 OnOffHelper 64
5.64388 OnOffHelper 64
5.649 OnOffHelper 64
5.65412 OnOffHelper 64
5.65924 OnOffHelper 64
5.66436 OnOffHelper 64
5.66948 OnOffHelper 64
5.6746 OnOffHelper 64
5.67972 OnOffHelper 64
5.68484 OnOffHelper 64
5.68996 OnOffHelper 64
5.69508 OnOffHelper 64
5.7002 OnOffHelper 64
5.70532 OnOffHelper 64
5.71044 OnOffHelper 64
5.71556 OnOffHelper 64
5.72068 OnOffHelper 64
5.7258 OnOffHelper 64
5.73092 OnOffHelper 64
5.73604 OnOffHelper 64
5.74116 OnOffHelper 64
5.74628 OnOffHelper 64
5.7514 OnOffHelper 64
5.75652 OnOffHelper 64
5.76164 OnOffHelper 64
5.76676 OnOffHelper 64
5.77188 OnOffHelper 64
5.777 OnOffHelper 64
5.78212 OnOffHelper 64
5.78724 OnOffHelper 64
5.79236 OnOffHelper 64
5.79748 OnOffHelper 64
5.8026 OnOffHelper 64
5.80772 OnOffHelper 64
5.81284 OnOffHelper 64
5.81796 OnOffHelper 64
5.82308 OnOffHelper 64
5.8282 OnOffHelper 64
5.83332 OnOffHelper 64
5.83844 OnOffHelper 64
5.84356 OnOffHelper 64
5.84868 OnOffHelper 64
5.8538 OnOffHelper 64
5.85892 OnOffHelper 64
5.86404 OnOffHelper 64
5.86916 OnOffHelper 64
5.87428 OnOffHelper 64
5.8794 OnOffHelper 64
5.88452 OnOffHelper 64
5.88964 OnOffHelper 64
5.89476 OnOffHelper 64
5.89988 OnOffHelper 64
5.905 OnOffHelper 64
5.91012 OnOffHelper 64
5.91524 OnOffHelper 64
5.92036 OnOffHelper 64
5.92548 OnOffHelper 64
5.9306 OnOffHelper 64
5.93572 OnOffHelper 64
5.94084 OnOffHelper 64
5.94596 OnOffHelper 64
5.95108 OnOffHelper 64
5.9562 OnOffHelper 64
5.96132 OnOffHelper 64
5.96644 OnOffHelper 64
5.97156 OnOffHelper 64
5.97668 OnOffHelper 64
5.9818 OnOffHelper 64
5.98692 OnOffHelper 64
5.99204 OnOffHelper 64
5.99716 OnOffHelper 64
6.00229 OnOffHelper 64
6.00741 OnOffHelper 64
6.01253 OnOffHelper 64
6.01765 OnOffHelper 64
6.02277 OnOffHelper 64
6.02789 OnOffHelper 64
6.03301 OnOffHelper 64
6.03813 OnOffHelper 64
6.04325 OnOffHelper 64
6.04837 OnOffHelper 64
6.05349 OnOffHelper 64
6.05861 OnOffHelper 64
6.06373 OnOffHelper 64
6.06885 OnOffHelper 64
6.07397 OnOffHelper 64
6.07909 OnOffHelper 64
6.08421 OnOffHelper 64
6.08933 OnOffHelper 64
6.09445 OnOffHelper 64
6.09957 OnOffHelper 64
6.10469 OnOffHelper 64
6.10981 OnOffHelper 64
6.11493 OnOffHelper 64
6.12005 OnOffHelper 64
6.12517 OnOffHelper 64
6.13029 OnOffHelper 64
6.13541 OnOffHelper 64
6.14053 OnOffHelper 64
6.14565 OnOffHelper 64
6.15077 OnOffHelper 64
6.15589 OnOffHelper 64
6.16101 OnOffHelper 64
6.16613 OnOffHelper 64
6.17125 OnOffHelper 64
6.17637 OnOffHelper 64
6.18149 OnOffHelper 64
6.18661 OnOffHelper 64
6.19173 OnOffHelper 64
6.19685 OnOffHelper 64
6.20197 OnOffHelper 64
6.20709 OnOffHelper 64
6.21221 OnOffHelper 64
6.21733 OnOffHelper 64
6.22245 OnOffHelper 64
6.22757 OnOffHelper 64
6.23269 OnOffHelper 64
6.23781 OnOffHelper 64
6.24293 OnOffHelper 64
6.24805 OnOffHelper 64
6.25317 OnOffHelper 64
6.25829 OnOffHelper 64
6.26341 OnOffHelper 64
6.26853 OnOffHelper 64
6.27365 OnOffHelper 64
6.27877 OnOffHelper 64
6.28389 OnOffHelper 64
6.28901 OnOffHelper 64
6.29413 OnOffHelper 64
6.29925 OnOffHelper 64
6.30437 OnOffHelper 64
6.30949 OnOffHelper 64
6.31461 OnOffHelper 64
6.31973 OnOffHelper 64
6.32485 OnOffHelper 64
6.32997 OnOffHelper 64
6.33509 OnOffHelper 64
6.34021 OnOffHelper 64
6.34533 OnOffHelper 64
6.35045 OnOffHelper 64
6.35557 OnOffHelper 64
6.36069 OnOffHelper 64
6.36581 OnOffHelper 64
6.37093 OnOffHelper 64
6.37605 OnOffHelper 64
6.38117 OnOffHelper 64
6.38629 OnOffHelper 64
6.39141 OnOffHelper 64
6.39653 OnOffHelper 64
6.40165 OnOffHelper 64
6.40677 OnOffHelper 64
6.41189 OnOffHelper 64
6.41701 OnOffHelper 64
6.42213 OnOffHelper 64
6.42725 OnOffHelper 64
6.43237 OnOffHelper 64
6.43749 OnOffHelper 64
6.44261 OnOffHelper 64
6.44773 OnOffHelper 64
6.45285 OnOffHelper 64
6.45797 OnOffHelper 64
6.46309 OnOffHelper 64
6.46821 OnOffHelper 64
6.47333 OnOffHelper 64
6.47845 OnOffHelper 64
6.48357 OnOffHelper 64
6.48869 OnOffHelper 64
6.49381 OnOffHelper 64
6.49893 OnOffHelper 64
6.50405 OnOffHelper 64
6.50917 OnOffHelper 64
6.51429 OnOffHelper 64
6.51941 OnOffHelper 64
6.52453 OnOffHelper 64
6.52965 OnOffHelper 64
6.53477 OnOffHelper 64
6.53989 OnOffHelper 64
6.54501 OnOffHelper 64
6.55013 OnOffHelper 64
6.55525 OnOffHelper 64
6.56037 OnOffHelper 64
6.56549 OnOffHelper 64
6.57061 OnOffHelper 64
6.57573 OnOffHelper 64
6.58085 OnOffHelper 64
6.58597 OnOffHelper 64
6.59109 OnOffHelper 64
6.59621 OnOffHelper 64
6.60133 OnOffHelper 64
6.60645 OnOffHelper 64
6.61157 OnOffHelper 64
6.61669 OnOffHelper 64
6.62181 OnOffHelper 64
6.62693 OnOffHelper 64
6.63205 OnOffHelper 64
6.63717 OnOffHelper 64
6.64229 OnOffHelper 64
6.64741 OnOffHelper 64
6.65253 OnOffHelper 64
6.65765 OnOffHelper 64
6.66277 OnOffHelper 64
6.66789 OnOffHelper 64
6.67301 OnOffHelper 64
6.67813 OnOffHelper 64
6.68325 OnOffHelper 64
6.68837 OnOffHelper 64
6.69349 OnOffHelper 64
6.69861 OnOffHelper 64
6.70373 OnOffHelper 64
6.70885 OnOffHelper 64
6.71397 OnOffHelper 64
6.71909 OnOffHelper 64
6.72421 OnOffHelper 64
6.72933 OnOffHelper 64
6.73445 OnOffHelper 64
6.73957 OnOffHelper 64
6.74469 OnOffHelper 64
6.74981 OnOffHelper 64
6.75493 OnOffHelper 64
6.76005 OnOffHelper 64
6.76517 OnOffHelper 64
6.77029 OnOffHelper 64
6.77541 OnOffHelper 64
6.78053 OnOffHelper 64
6.78565 OnOffHelper 64
6.79077 OnOffHelper 64
6.79589 OnOffHelper 64
6.80101 OnOffHelper 64
6.80613 OnOffHelper 64
6.81125 OnOffHelper 64
6.81637 OnOffHelper 64
6.82149 OnOffHelper 64
6.82661 OnOffHelper 64
6.83173 OnOffHelper 64
6.83685 OnOffHelper 64
6.84197 OnOffHelper 64
6.84709 OnOffHelper 64
6.85221 OnOffHelper 64
6.85733 OnOffHelper 64
6.86245 OnOffHelper 64
6.86757 OnOffHelper 64
6.87269 OnOffHelper 64
6.87781 OnOffHelper 64
6.88293 OnOffHelper 64
6.88805 OnOffHelper 64
6.89317 OnOffHelper 64
6.89829 OnOffHelper 64
6.90341 OnOffHelper 64
6.90853 OnOffHelper 64
6.91365 OnOffHelper 64
6.91877 OnOffHelper 64
6.92389 OnOffHelper 64
6.92901 OnOffHelper 64
6.93413 OnOffHelper 64
6.93925 OnOffHelper 64
6.94437 OnOffHelper 64
6.94949 OnOffHelper 64
6.95461 OnOffHelper 64
6.95973 OnOffHelper 64
6.96485 OnOffHelper 64
6.96997 OnOffHelper 64
6.97509 OnOffHelper 64
6.98021 OnOffHelper 64
6.98533 OnOffHelper 64
6.99045 OnOffHelper 64
6.99557 OnOffHelper 64
7.0007 OnOffHelper 64
7.00582 OnOffHelper 64
7.01094 OnOffHelper 64
7.01606 OnOffHelper 64
7.02118 OnOffHelper 64
7.0263 OnOffHelper 64
7.03142 OnOffHelper 64
7.03654 OnOffHelper 64
7.04166 OnOffHelper 64
7.04678 OnOffHelper 64
7.0519 OnOffHelper 64
7.05702 OnOffHelper 64
7.06214 OnOffHelper 64
7.06726 OnOffHelper 64
7.07238 OnOffHelper 64
7.0775 OnOffHelper 64
7.08262 OnOffHelper 64
7.08774 OnOffHelper 64
7.09286 OnOffHelper 64
7.09798 OnOffHelper 64
7.1031 OnOffHelper 64
7.10822 OnOffHelper 64
7.11334 OnOffHelper 64
7.11846 OnOffHelper 64
7.12358 OnOffHelper 64
7.1287 OnOffHelper 64
7.13382 OnOffHelper 64
7.13894 OnOffHelper 64
7.14406 OnOffHelper 64
7.14918 OnOffHelper 64
7.1543 OnOffHelper 64
7.15942 OnOffHelper 64
7.16454 OnOffHelper 64
7.16966 OnOffHelper 64
7.17478 OnOffHelper 64
7.1799 OnOffHelper 64
7.18502 OnOffHelper 64
7.19014 OnOffHelper 64
7.19526 OnOffHelper 64
7.20038 OnOffHelper 64
7.2055 OnOffHelper 64
7.21062 OnOffHelper 64
7.21574 OnOffHelper 64
7.22086 OnOffHelper 64
7.22598 OnOffHelper 64
7.2311 OnOffHelper 64
7.23622 OnOffHelper 64
7.24134 OnOffHelper 64
7.24646 OnOffHelper 64
7.25158 OnOffHelper 64
7.2567 OnOffHelper 64
7.26182 OnOffHelper 64
7.26694 OnOffHelper 64
7.27206 OnOffHelper 64
7.27718 OnOffHelper 64
7.2823 OnOffHelper 64
7.28742 OnOffHelper 64
7.29254 OnOffHelper 64
7.29766 OnOffHelper 64
7.30278 OnOffHelper 64
7.3079 OnOffHelper 64
7.31302 OnOffHelper 64
7.31814 OnOffHelper 64
7.32326 OnOffHelper 64
7.32838 OnOffHelper 64
7.3335 OnOffHelper 64
7.33862 OnOffHelper 64
7.34374 OnOffHelper 64
7.34886 OnOffHelper 64
7.35398 OnOffHelper 64
7.3591 OnOffHelper 64
7.36422 OnOffHelper 64
7.36934 OnOffHelper 64
7.37446 OnOffHelper 64
7.37958 OnOffHelper 64
7.3847 OnOffHelper 64
7.38982 OnOffHelper 64
7.39494 OnOffHelper 64
7.40006 OnOffHelper 64
7.40518 OnOffHelper 64
7.4103 OnOffHelper 64
7.41542 OnOffHelper 64
7.42054 OnOffHelper 64
7.42566 OnOffHelper 64
7.43078 OnOffHelper 64
7.4359 OnOffHelper 64
7.44102 OnOffHelper 64
7.44614 OnOffHelper 64
7.45126 OnOffHelper 64
7.45638 OnOffHelper 64
7.4615 OnOffHelper 64
7.46662 OnOffHelper 64
7.47174 OnOffHelper 64
7.47686 OnOffHelper 64
7.48198 OnOffHelper 64
7.4871 OnOffHelper 64
7.49222 OnOffHelper 64
7.49734 OnOffHelper 64
7.50246 OnOffHelper 64
7.50758 OnOffHelper 64
7.5127 OnOffHelper 64
7.51782 OnOffHelper 64
7.52294 OnOffHelper 64
7.52806 OnOffHelper 64
7.53318 OnOffHelper 64
7.5383 OnOffHelper 64
7.54342 OnOffHelper 64
7.54854 OnOffHelper 64
7.55366 OnOffHelper 64
7.55878 OnOffHelper 64
7.5639 OnOffHelper 64
7.56902 OnOffHelper 64
7.57414 OnOffHelper 64
7.57926 OnOffHelper 64
7.58438 OnOffHelper 64
7.5895 OnOffHelper 64
7.59462 OnOffHelper 64
7.59974 OnOffHelper 64
7.60486 OnOffHelper 64
7.60998 OnOffHelper 64
7.6151 OnOffHelper 64
7.62022 OnOffHelper 64
7.62534 OnOffHelper 64
7.63046 OnOffHelper 64
7.63558 OnOffHelper 64
7.6407 OnOffHelper 64
7.64582 OnOffHelper 64
7.65094 OnOffHelper 64
7.65606 OnOffHelper 64
7.66118 OnOffHelper 64
7.6663 OnOffHelper 64
7.67142 OnOffHelper 64
7.67654 OnOffHelper 64
7.68166 OnOffHelper 64
7.68678 OnOffHelper 64
7.6919 OnOffHelper 64
7.69702 OnOffHelper 64
7.70214 OnOffHelper 64
7.70726 OnOffHelper 64
7.71238 OnOffHelper 64
7.7175 OnOffHelper 64
7.72262 OnOffHelper 64
7.72774 OnOffHelper 64
7.73286 OnOffHelper 64
7.73798 OnOffHelper 64
7.7431 OnOffHelper 64
7.74822 OnOffHelper 64
7.75334 OnOffHelper 64
7.75846 OnOffHelper 64
7.76358 OnOffHelper 64
7.7687 OnOffHelper 64
7.77382 OnOffHelper 64
7.77894 OnOffHelper 64
7.78406 OnOffHelper 64
7.78918 OnOffHelper 64
7.7943 OnOffHelper 64
7.79942 OnOffHelper 64
7.80454 OnOffHelper 64
7.80966 OnOffHelper 64
7.81478 OnOffHelper 64
7.8199 OnOffHelper 64
7.82502 OnOffHelper 64
7.83014 OnOffHelper 64
7.83526 OnOffHelper 64
7.84038 OnOffHelper 64
7.8455 OnOffHelper 64
7.85062 OnOffHelper 64
7.85574 OnOffHelper 64
7.86086 OnOffHelper 64
7.86598 OnOffHelper 64
7.8711 OnOffHelper 64
7.87622 OnOffHelper 64
7.88134 OnOffHelper 64
7.88646 OnOffHelper 64
7.89158 OnOffHelper 64
7.8967 OnOffHelper 64
7.90182 OnOffHelper 64
7.90694 OnOffHelper 64
7.91206 OnOffHelper 64
7.91718 OnOffHelper 64
7.9223 OnOffHelper 64
7.92742 OnOffHelper 64
7.93254 OnOffHelper 64
7.93766 OnOffHelper 64
7.94278 OnOffHelper 64
7.9479 OnOffHelper 64
7.95302 OnOffHelper 64
7.95814 OnOffHelper 64
7.96326 OnOffHelper 64
7.96838 OnOffHelper 64
7.9735 OnOffHelper 64
7.97862 OnOffHelper 64
7.98374 OnOffHelper 64
7.98886 OnOffHelper 64
7.99398 OnOffHelper 64
7.9991 OnOffHelper 64
8.00423 OnOffHelper 64
8.00935 OnOffHelper 64
8.01447 OnOffHelper 64
8.01959 OnOffHelper 64
8.02471 OnOffHelper 64
8.02983 OnOffHelper 64
8.03495 OnOffHelper 64
8.04007 OnOffHelper 64
8.04519 OnOffHelper 64
8.05031 OnOffHelper 64
8.05543 OnOffHelper 64
8.06055 OnOffHelper 64
8.06567 OnOffHelper 64
8.07079 OnOffHelper 64
8.07591 OnOffHelper 64
8.08103 OnOffHelper 64
8.08615 OnOffHelper 64
8.09127 OnOffHelper 64
8.09639 OnOffHelper 64
8.10151 OnOffHelper 64
8.10663 OnOffHelper 64
8.11175 OnOffHelper 64
8.11687 OnOffHelper 64
8.12199 OnOffHelper 64
8.12711 OnOffHelper 64
8.13223 OnOffHelper 64
8.13735 OnOffHelper 64
8.14247 OnOffHelper 64
8.14759 OnOffHelper 64
8.15271 OnOffHelper 64
8.15783 OnOffHelper 64
8.16295 OnOffHelper 64
8.16807 OnOffHelper 64
8.17319 OnOffHelper 64
8.17831 OnOffHelper 64
8.18343 OnOffHelper 64
8.18855 OnOffHelper 64
8.19367 OnOffHelper 64
8.19879 OnOffHelper 64
8.20391 OnOffHelper 64
8.20903 OnOffHelper 64
8.21415 OnOffHelper 64
8.21927 OnOffHelper 64
8.22439 OnOffHelper 64
8.22951 OnOffHelper 64
8.23463 OnOffHelper 64
8.23975 OnOffHelper 64
8.24487 OnOffHelper 64
8.24999 OnOffHelper 64
8.25511 OnOffHelper 64
8.26023 OnOffHelper 64
8.26535 OnOffHelper 64
8.27047 OnOffHelper 64
8.27559 OnOffHelper 64
8.28071 OnOffHelper 64
8.28583 OnOffHelper 64
8.29095 OnOffHelper 64
8.29607 OnOffHelper 64
8.30119 OnOffHelper 64
8.30631 OnOffHelper 64
8.31143 OnOffHelper 64
8.31655 OnOffHelper 64
8.32167 OnOffHelper 64
8.32679 OnOffHelper 64
8.33191 OnOffHelper 64
8.33703 OnOffHelper 64
8.34215 OnOffHelper 64
8.34727 OnOffHelper 64
8.35239 OnOffHelper 64
8.35751 OnOffHelper 64
8.36263 OnOffHelper 64
8.36775 OnOffHelper 64
8.37287 OnOffHelper 64
8.37799 OnOffHelper 64
8.38311 OnOffHelper 64
8.38823 OnOffHelper 64
8.39335 OnOffHelper 64
8.39847 OnOffHelper 64
8.40359 OnOffHelper 64
8.40871 OnOffHelper 64
8.41383 OnOffHelper 64
8.41895 OnOffHelper 64
8.42407 OnOffHelper 64
8.42919 OnOffHelper 64
8.43431 OnOffHelper 64
8.43943 OnOffHelper 64
8.44455 OnOffHelper 64
8.44967 OnOffHelper 64
8.45479 OnOffHelper 64
8.45991 OnOffHelper 64
8.46503 OnOffHelper 64
8.47015 OnOffHelper 64
8.47527 OnOffHelper 64
8.48039 OnOffHelper 64
8.48551 OnOffHelper 64
8.49063 OnOffHelper 64
8.49575 OnOffHelper 64
8.50087 OnOffHelper 64
8.50599 OnOffHelper 64
8.51111 OnOffHelper 64
8.51623 OnOffHelper 64
8.52135 OnOffHelper 64
8.52647 OnOffHelper 64
8.53159 OnOffHelper 64
8.53671 OnOffHelper 64
8.54183 OnOffHelper 64
8.54695 OnOffHelper 64
8.55207 OnOffHelper 64
8.55719 OnOffHelper 64
8.56231 OnOffHelper 64
8.56743 OnOffHelper 64
8.57255 OnOffHelper 64
8.57767 OnOffHelper 64
8.58279 OnOffHelper 64
8.58791 OnOffHelper 64
8.59303 OnOffHelper 64
8.59815 OnOffHelper 64
8.60327 OnOffHelper 64
8.60839 OnOffHelper 64
8.61351 OnOffHelper 64
8.61863 OnOffHelper 64
8.62375 OnOffHelper 64
8.62887 OnOffHelper 64
8.63399 OnOffHelper 64
8.63911 OnOffHelper 64
8.64423 OnOffHelper 64
8.64935 OnOffHelper 64
8.65447 OnOffHelper 64
8.65959 OnOffHelper 64
8.66471 OnOffHelper 64
8.66983 OnOffHelper 64
8.67495 OnOffHelper 64
8.68007 OnOffHelper 64
8.68519 OnOffHelper 64
8.69031 OnOffHelper 64
8.69543 OnOffHelper 64
8.70055 OnOffHelper 64
8.70567 OnOffHelper 64
8.71079 OnOffHelper 64
8.71591 OnOffHelper 64
8.72103 OnOffHelper 64
8.72615 OnOffHelper 64
8.73127 OnOffHelper 64
8.73639 OnOffHelper 64
8.74151 OnOffHelper 64
8.74663 OnOffHelper 64
8.75175 OnOffHelper 64
8.75687 OnOffHelper 64
8.76199 OnOffHelper 64
8.76711 OnOffHelper 64
8.77223 OnOffHelper 64
8.77735 OnOffHelper 64
8.78247 OnOffHelper 64
8.78759 OnOffHelper 64
8.79271 OnOffHelper 64
8.79783 OnOffHelper 64
8.80295 OnOffHelper 64
8.80807 OnOffHelper 64
8.81319 OnOffHelper 64
8.81831 OnOffHelper 64
8.82343 OnOffHelper 64
8.82855 OnOffHelper 64
8.83367 OnOffHelper 64
8.83879 OnOffHelper 64
8.84391 OnOffHelper 64
8.84903 OnOffHelper 64
8.85415 OnOffHelper 64
8.85927 OnOffHelper 64
8.86439 OnOffHelper 64
8.86951 OnOffHelper 64
8.87463 OnOffHelper 64
8.87975 OnOffHelper 64
8.88487 OnOffHelper 64
8.88999 OnOffHelper 64
8.89511 OnOffHelper 64
8.90023 OnOffHelper 64
8.90535 OnOffHelper 64
8.91047 OnOffHelper 64
8.91559 OnOffHelper 64
8.92071 OnOffHelper 64
8.92583 OnOffHelper 64
8.93095 OnOffHelper 64
8.93607 OnOffHelper 64
8.94119 OnOffHelper 64
8.94631 OnOffHelper 64
8.95143 OnOffHelper 64
8.95655 OnOffHelper 64
8.96167 OnOffHelper 64
8.96679 OnOffHelper 64
8.97191 OnOffHelper 64
8.97703 OnOffHelper 64
8.98215 OnOffHelper 64
8.98727 OnOffHelper 64
8.99239 OnOffHelper 64
8.99751 OnOffHelper 64
9.00264 OnOffHelper 64
9.00776 OnOffHelper 64
9.01288 OnOffHelper 64
9.018 OnOffHelper 64
9.02312 OnOffHelper 64
9.02824 OnOffHelper 64
9.03336 OnOffHelper 64
9.03848 OnOffHelper 64
9.0436 OnOffHelper 64
9.04872 OnOffHelper 64
9.05384 OnOffHelper 64
9.05896 OnOffHelper 64
9.06408 OnOffHelper 64
9.0692 OnOffHelper 64
9.07432 OnOffHelper 64
9.07944 OnOffHelper 64
9.08456 OnOffHelper 64
9.08968 OnOffHelper 64
9.0948 OnOffHelper 64
9.09992 OnOffHelper 64
9.10504 OnOffHelper 64
9.11016 OnOffHelper 64
9.11528 OnOffHelper 64
9.1204 OnOffHelper 64
9.12552 OnOffHelper 64
9.13064 OnOffHelper 64
9.13576 OnOffHelper 64
9.14088 OnOffHelper 64
9.146 OnOffHelper 64
9.15112 OnOffHelper 64
9.15624 OnOffHelper 64
9.16136 OnOffHelper 64
9.16648 OnOffHelper 64
9.1716 OnOffHelper 64
9.17672 OnOffHelper 64
9.18184 OnOffHelper 64
9.18696 OnOffHelper 64
9.19208 OnOffHelper 64
9.1972 OnOffHelper 64
9.20232 OnOffHelper 64
9.20744 OnOffHelper 64
9.21256 OnOffHelper 64
9.21768 OnOffHelper 64
9.2228 OnOffHelper 64
9.22792 OnOffHelper 64
9.23304 OnOffHelper 64
9.23816 OnOffHelper 64
9.24328 OnOffHelper 64
9.2484 OnOffHelper 64
9.25352 OnOffHelper 64
9.25864 OnOffHelper 64
9.26376 OnOffHelper 64
9.26888 OnOffHelper 64
9.274 OnOffHelper 64
9.27912 OnOffHelper 64
9.28424 OnOffHelper 64
9.28936 OnOffHelper 64
9.29448 OnOffHelper 64
9.2996 OnOffHelper 64
9.30472 OnOffHelper 64
9.30984 OnOffHelper 64
9.31496 OnOffHelper 64
9.32008 OnOffHelper 64
9.3252 OnOffHelper 64
9.33032 OnOffHelper 64
9.33544 OnOffHelper 64
9.34056 OnOffHelper 64
9.34568 OnOffHelper 64
9.3508 OnOffHelper 64
9.35592 OnOffHelper 64
9.36104 OnOffHelper 64
9.36616 OnOffHelper 64
9.37128 OnOffHelper 64
9.3764 OnOffHelper 64
9.38152 OnOffHelper 64
9.38664 OnOffHelper 64
9.39176 OnOffHelper 64
9.39688 OnOffHelper 64
9.402 OnOffHelper 64
9.40712 OnOffHelper 64
9.41224 OnOffHelper 64
9.41736 OnOffHelper 64
9.42248 OnOffHelper 64
9.4276 OnOffHelper 64
9.43272 OnOffHelper 64
9.43784 OnOffHelper 64
9.44296 OnOffHelper 64
9.44808 OnOffHelper 64
9.4532 OnOffHelper 64
9.45832 OnOffHelper 64
9.46344 OnOffHelper 64
9.46856 OnOffHelper 64
9.47368 OnOffHelper 64
9.4788 OnOffHelper 64
9.48392 OnOffHelper 64
9.48904 OnOffHelper 64
9.49416 OnOffHelper 64
9.49928 OnOffHelper 64
9.5044 OnOffHelper 64
9.50952 OnOffHelper 64
9.51464 OnOffHelper 64
9.51976 OnOffHelper 64
9.52488 OnOffHelper 64
9.53 OnOffHelper 64
9.53512 OnOffHelper 64
9.54024 OnOffHelper 64
9.54536 OnOffHelper 64
9.55048 OnOffHelper 64
9.5556 OnOffHelper 64
9.56072 OnOffHelper 64
9.56584 OnOffHelper 64
9.57096 OnOffHelper 64
9.57608 OnOffHelper 64
9.5812 OnOffHelper 64
9.58632 OnOffHelper 64
9.59144 OnOffHelper 64
9.59656 OnOffHelper 64
9.60168 OnOffHelper 64
9.6068 OnOffHelper 64
9.61192 OnOffHelper 64
9.61704 OnOffHelper 64
9.62216 OnOffHelper 64
9.62728 OnOffHelper 64
9.6324 OnOffHelper 64
9.63752 OnOffHelper 64
9.64264 OnOffHelper 64
9.64776 OnOffHelper 64
9.65288 OnOffHelper 64
9.658 OnOffHelper 64
9.66312 OnOffHelper 64
9.66824 OnOffHelper 64
9.67336 OnOffHelper 64
9.67848 OnOffHelper 64
9.6836 OnOffHelper 64
9.68872 OnOffHelper 64
9.69384 OnOffHelper 64
9.69896 OnOffHelper 64
9.70408 OnOffHelper 64
9.7092 OnOffHelper 64
9.71432 OnOffHelper 64
9.71944 OnOffHelper 64
9.72456 OnOffHelper 64
9.72968 OnOffHelper 64
9.7348 OnOffHelper 64
9.73992 OnOffHelper 64
9.74504 OnOffHelper 64
9.75016 OnOffHelper 64
9.75528 OnOffHelper 64
9.7604 OnOffHelper 64
9.76552 OnOffHelper 64
9.77064 OnOffHelper 64
9.77576 OnOffHelper 64
9.78088 OnOffHelper 64
9.786 OnOffHelper 64
9.79112 OnOffHelper 64
9.79624 OnOffHelper 64
9.80136 OnOffHelper 64
9.80648 OnOffHelper 64
9.8116 OnOffHelper 64
9.81672 OnOffHelper 64
9.82184 OnOffHelper 64
9.82696 OnOffHelper 64
9.83208 OnOffHelper 64
9.8372 OnOffHelper 64
9.84232 OnOffHelper 64
9.84744 OnOffHelper 64
9.85256 OnOffHelper 64
9.85768 OnOffHelper 64
9.8628 OnOffHelper 64
9.86792 OnOffHelper 64
9.87304 OnOffHelper 64
9.87816 OnOffHelper 64
9.88328 OnOffHelper 64
9.8884 OnOffHelper 64
9.89352 OnOffHelper 64
9.89864 OnOffHelper 64
9.90376 OnOffHelper 64
9.90888 OnOffHelper 64
9.914 OnOffHelper 64
9.91912 OnOffHelper 64
9.92424 OnOffHelper 64
9.92936 OnOffHelper 64
9.93448 OnOffHelper 64
9.9396 OnOffHelper 64
9.94472 OnOffHelper 64
9.94984 OnOffHelper 64
9.95496 OnOffHelper 64
9.96008 OnOffHelper 64
9.9652 OnOffHelper 64
9.97032 OnOffHelper 64
9.97544 OnOffHelper 64
9.98056 OnOffHelper 64
9.98568 OnOffHelper 64
9.9908 OnOffHelper 64
9.99592 OnOffHelper 64
