1.01638 PacketSinkHelper 2048
1.03277 PacketSinkHelper 2048
1.04915 PacketSinkHelper 2048
1.06554 PacketSinkHelper 2048
1.08192 PacketSinkHelper 2048
1.0983 PacketSinkHelper 2048
1.11469 PacketSinkHelper 2048
1.13107 PacketSinkHelper 2048
1.14746 PacketSinkHelper 2048
1.16384 PacketSinkHelper 2048
1.18022 PacketSinkHelper 2048
1.19661 PacketSinkHelper 2048
1.21299 PacketSinkHelper 2048
1.22938 PacketSinkHelper 2048
1.24576 PacketSinkHelper 2048
1.26214 PacketSinkHelper 2048
1.27853 PacketSinkHelper 2048
1.29491 PacketSinkHelper 2048
1.3113 PacketSinkHelper 2048
1.32768 PacketSinkHelper 2048
1.34406 PacketSinkHelper 2048
1.36045 PacketSinkHelper 2048
1.37683 PacketSinkHelper 2048
1.39322 PacketSinkHelper 2048
1.4096 PacketSinkHelper 2048
1.42598 PacketSinkHelper 2048
1.44237 PacketSinkHelper 2048
1.45875 PacketSinkHelper 2048
1.47514 PacketSinkHelper 2048
1.49152 PacketSinkHelper 2048
1.5079 PacketSinkHelper 2048
1.52429 PacketSinkHelper 2048
1.54067 PacketSinkHelper 2048
1.55706 PacketSinkHelper 2048
1.57344 PacketSinkHelper 2048
1.58982 PacketSinkHelper 2048
1.60621 PacketSinkHelper 2048
1.62259 PacketSinkHelper 2048
1.63898 PacketSinkHelper 2048
1.65536 PacketSinkHelper 2048
1.67174 PacketSinkHelper 2048
1.68813 PacketSinkHelper 2048
1.70451 PacketSinkHelper 2048
1.7209 PacketSinkHelper 2048
1.73728 PacketSinkHelper 2048
1.75366 PacketSinkHelper 2048
1.77005 PacketSinkHelper 2048
1.78643 PacketSinkHelper 2048
1.80282 PacketSinkHelper 2048
1.8192 PacketSinkHelper 2048
1.83558 PacketSinkHelper 2048
1.85197 PacketSinkHelper 2048
1.86835 PacketSinkHelper 2048
1.88474 PacketSinkHelper 2048
1.90112 PacketSinkHelper 2048
1.9175 PacketSinkHelper 2048
1.93389 PacketSinkHelper 2048
1.95027 PacketSinkHelper 2048
1.96666 PacketSinkHelper 2048
1.98304 PacketSinkHelper 2048
1.99942 PacketSinkHelper 2048
2.01581 PacketSinkHelper 2048
2.03219 PacketSinkHelper 2048
2.04858 PacketSinkHelper 2048
2.06496 PacketSinkHelper 2048
2.08134 PacketSinkHelper 2048
2.09773 PacketSinkHelper 2048
2.11411 PacketSinkHelper 2048
2.1305 PacketSinkHelper 2048
2.14688 PacketSinkHelper 2048
2.16326 PacketSinkHelper 2048
2.17965 PacketSinkHelper 2048
2.19603 PacketSinkHelper 2048
2.21242 PacketSinkHelper 2048
2.2288 PacketSinkHelper 2048
2.24519 PacketSinkHelper 2048
2.26157 PacketSinkHelper 2048
2.27795 PacketSinkHelper 2048
2.29434 PacketSinkHelper 2048
2.31072 PacketSinkHelper 2048
2.3271 PacketSinkHelper 2048
2.34349 PacketSinkHelper 2048
2.35987 PacketSinkHelper 2048
2.37626 PacketSinkHelper 2048
2.39264 PacketSinkHelper 2048
2.40903 PacketSinkHelper 2048
2.42541 PacketSinkHelper 2048
2.44179 PacketSinkHelper 2048
2.45818 PacketSinkHelper 2048
2.47456 PacketSinkHelper 2048
2.49094 PacketSinkHelper 2048
2.50733 PacketSinkHelper 2048
2.52371 PacketSinkHelper 2048
2.5401 PacketSinkHelper 2048
2.55648 PacketSinkHelper 2048
2.57287 PacketSinkHelper 2048
2.58925 PacketSinkHelper 2048
2.60563 PacketSinkHelper 2048
2.62202 PacketSinkHelper 2048
2.6384 PacketSinkHelper 2048
2.65478 PacketSinkHelper 2048
2.67117 PacketSinkHelper 2048
2.68755 PacketSinkHelper 2048
2.70394 PacketSinkHelper 2048
2.72032 PacketSinkHelper 2048
2.73671 PacketSinkHelper 2048
2.75309 PacketSinkHelper 2048
2.76947 PacketSinkHelper 2048
2.78586 PacketSinkHelper 2048
2.80224 PacketSinkHelper 2048
2.81862 PacketSinkHelper 2048
2.83501 PacketSinkHelper 2048
2.85139 PacketSinkHelper 2048
2.86778 PacketSinkHelper 2048
2.88416 PacketSinkHelper 2048
2.90055 PacketSinkHelper 2048
2.91693 PacketSinkHelper 2048
2.93331 PacketSinkHelper 2048
2.9497 PacketSinkHelper 2048
2.96608 PacketSinkHelper 2048
2.98246 PacketSinkHelper 2048
2.99885 PacketSinkHelper 2048
3.01523 PacketSinkHelper 2048
3.03162 PacketSinkHelper 2048
3.048 PacketSinkHelper 2048
3.06439 PacketSinkHelper 2048
3.08077 PacketSinkHelper 2048
3.09715 PacketSinkHelper 2048
3.11354 PacketSinkHelper 2048
3.12992 PacketSinkHelper 2048
3.14631 PacketSinkHelper 2048
3.16269 PacketSinkHelper 2048
3.17907 PacketSinkHelper 2048
3.19546 PacketSinkHelper 2048
3.21184 PacketSinkHelper 2048
3.22823 PacketSinkHelper 2048
3.24461 PacketSinkHelper 2048
3.26099 PacketSinkHelper 2048
3.27738 PacketSinkHelper 2048
3.29376 PacketSinkHelper 2048
3.31015 PacketSinkHelper 2048
3.32653 PacketSinkHelper 2048
3.34291 PacketSinkHelper 2048
3.3593 PacketSinkHelper 2048
3.37568 PacketSinkHelper 2048
3.39207 PacketSinkHelper 2048
3.40845 PacketSinkHelper 2048
3.42483 PacketSinkHelper 2048
3.44122 PacketSinkHelper 2048
3.4576 PacketSinkHelper 2048
3.47399 PacketSinkHelper 2048
3.49037 PacketSinkHelper 2048
3.50675 PacketSinkHelper 2048
3.52314 PacketSinkHelper 2048
3.53952 PacketSinkHelper 2048
3.55591 PacketSinkHelper 2048
3.57229 PacketSinkHelper 2048
3.58867 PacketSinkHelper 2048
3.60506 PacketSinkHelper 2048
3.62144 PacketSinkHelper 2048
3.63783 PacketSinkHelper 2048
3.65421 PacketSinkHelper 2048
3.67059 PacketSinkHelper 2048
3.68698 PacketSinkHelper 2048
3.70336 PacketSinkHelper 2048
3.71975 PacketSinkHelper 2048
3.73613 PacketSinkHelper 2048
3.75251 PacketSinkHelper 2048
3.7689 PacketSinkHelper 2048
3.78528 PacketSinkHelper 2048
3.80167 PacketSinkHelper 2048
3.81805 PacketSinkHelper 2048
3.83443 PacketSinkHelper 2048
3.85082 PacketSinkHelper 2048
3.8672 PacketSinkHelper 2048
3.88359 PacketSinkHelper 2048
3.89997 PacketSinkHelper 2048
3.91635 PacketSinkHelper 2048
3.93274 PacketSinkHelper 2048
3.94912 PacketSinkHelper 2048
3.96551 PacketSinkHelper 2048
3.98189 PacketSinkHelper 2048
3.99827 PacketSinkHelper 2048
4.01466 PacketSinkHelper 2048
4.03104 PacketSinkHelper 2048
4.04743 PacketSinkHelper 2048
4.06381 PacketSinkHelper 2048
4.08019 PacketSinkHelper 2048
4.09658 PacketSinkHelper 2048
4.11296 PacketSinkHelper 2048
4.12935 PacketSinkHelper 2048
4.14573 PacketSinkHelper 2048
4.16212 PacketSinkHelper 2048
4.1785 PacketSinkHelper 2048
4.19488 PacketSinkHelper 2048
4.21127 PacketSinkHelper 2048
4.22765 PacketSinkHelper 2048
4.24404 PacketSinkHelper 2048
4.26042 PacketSinkHelper 2048
4.2768 PacketSinkHelper 2048
4.29319 PacketSinkHelper 2048
4.30957 PacketSinkHelper 2048
4.32596 PacketSinkHelper 2048
4.34234 PacketSinkHelper 2048
4.35872 PacketSinkHelper 2048
4.37511 PacketSinkHelper 2048
4.39149 PacketSinkHelper 2048
4.40787 PacketSinkHelper 2048
4.42426 PacketSinkHelper 2048
4.44064 PacketSinkHelper 2048
4.45703 PacketSinkHelper 2048
4.47341 PacketSinkHelper 2048
4.48979 PacketSinkHelper 2048
4.50618 PacketSinkHelper 2048
4.52256 PacketSinkHelper 2048
4.53895 PacketSinkHelper 2048
4.55533 PacketSinkHelper 2048
4.57172 PacketSinkHelper 2048
4.5881 PacketSinkHelper 2048
4.60448 PacketSinkHelper 2048
4.62087 PacketSinkHelper 2048
4.63725 PacketSinkHelper 2048
4.65364 PacketSinkHelper 2048
4.67002 PacketSinkHelper 2048
4.6864 PacketSinkHelper 2048
4.70279 PacketSinkHelper 2048
4.71917 PacketSinkHelper 2048
4.73555 PacketSinkHelper 2048
4.75194 PacketSinkHelper 2048
4.76832 PacketSinkHelper 2048
4.78471 PacketSinkHelper 2048
4.80109 PacketSinkHelper 2048
4.81747 PacketSinkHelper 2048
4.83386 PacketSinkHelper 2048
4.85024 PacketSinkHelper 2048
4.86663 PacketSinkHelper 2048
4.88301 PacketSinkHelper 2048
4.8994 PacketSinkHelper 2048
4.91578 PacketSinkHelper 2048
4.93216 PacketSinkHelper 2048
4.94855 PacketSinkHelper 2048
4.96493 PacketSinkHelper 2048
4.98132 PacketSinkHelper 2048
4.9977 PacketSinkHelper 2048
5.01408 PacketSinkHelper 2048
5.03047 PacketSinkHelper 2048
5.04685 PacketSinkHelper 2048
5.06324 PacketSinkHelper 2048
5.07962 PacketSinkHelper 2048
5.096 PacketSinkHelper 2048
5.11239 PacketSinkHelper 2048
5.12877 PacketSinkHelper 2048
5.14516 PacketSinkHelper 2048
5.16154 PacketSinkHelper 2048
5.17792 PacketSinkHelper 2048
5.19431 PacketSinkHelper 2048
5.21069 PacketSinkHelper 2048
5.22708 PacketSinkHelper 2048
5.24346 PacketSinkHelper 2048
5.25984 PacketSinkHelper 2048
5.27623 PacketSinkHelper 2048
5.29261 PacketSinkHelper 2048
5.309 PacketSinkHelper 2048
5.32538 PacketSinkHelper 2048
5.34176 PacketSinkHelper 2048
5.35815 PacketSinkHelper 2048
5.37453 PacketSinkHelper 2048
5.39092 PacketSinkHelper 2048
5.4073 PacketSinkHelper 2048
5.42368 PacketSinkHelper 2048
5.44007 PacketSinkHelper 2048
5.45645 PacketSinkHelper 2048
5.47284 PacketSinkHelper 2048
5.48922 PacketSinkHelper 2048
5.5056 PacketSinkHelper 2048
5.52199 PacketSinkHelper 2048
5.53837 PacketSinkHelper 2048
5.55476 PacketSinkHelper 2048
5.57114 PacketSinkHelper 2048
5.58752 PacketSinkHelper 2048
5.60391 PacketSinkHelper 2048
5.62029 PacketSinkHelper 2048
5.63668 PacketSinkHelper 2048
5.65306 PacketSinkHelper 2048
5.66944 PacketSinkHelper 2048
5.68583 PacketSinkHelper 2048
5.70221 PacketSinkHelper 2048
5.7186 PacketSinkHelper 2048
5.73498 PacketSinkHelper 2048
5.75136 PacketSinkHelper 2048
5.76775 PacketSinkHelper 2048
5.78413 PacketSinkHelper 2048
5.80052 PacketSinkHelper 2048
5.8169 PacketSinkHelper 2048
5.83328 PacketSinkHelper 2048
5.84967 PacketSinkHelper 2048
5.86605 PacketSinkHelper 2048
5.88244 PacketSinkHelper 2048
5.89882 PacketSinkHelper 2048
5.9152 PacketSinkHelper 2048
5.93159 PacketSinkHelper 2048
5.94797 PacketSinkHelper 2048
5.96436 PacketSinkHelper 2048
5.98074 PacketSinkHelper 2048
5.99712 PacketSinkHelper 2048
6.01351 PacketSinkHelper 2048
6.02989 PacketSinkHelper 2048
6.04628 PacketSinkHelper 2048
6.06266 PacketSinkHelper 2048
6.07904 PacketSinkHelper 2048
6.09543 PacketSinkHelper 2048
6.11181 PacketSinkHelper 2048
6.1282 PacketSinkHelper 2048
6.14458 PacketSinkHelper 2048
6.16097 PacketSinkHelper 2048
6.17735 PacketSinkHelper 2048
6.19373 PacketSinkHelper 2048
6.21012 PacketSinkHelper 2048
6.2265 PacketSinkHelper 2048
6.24289 PacketSinkHelper 2048
6.25927 PacketSinkHelper 2048
6.27565 PacketSinkHelper 2048
6.29204 PacketSinkHelper 2048
6.30842 PacketSinkHelper 2048
6.3248 PacketSinkHelper 2048
6.34119 PacketSinkHelper 2048
6.35757 PacketSinkHelper 2048
6.37396 PacketSinkHelper 2048
6.39034 PacketSinkHelper 2048
6.40672 PacketSinkHelper 2048
6.42311 PacketSinkHelper 2048
6.43949 PacketSinkHelper 2048
6.45588 PacketSinkHelper 2048
6.47226 PacketSinkHelper 2048
6.48864 PacketSinkHelper 2048
6.50503 PacketSinkHelper 2048
6.52141 PacketSinkHelper 2048
6.5378 PacketSinkHelper 2048
6.55418 PacketSinkHelper 2048
6.57057 PacketSinkHelper 2048
6.58695 PacketSinkHelper 2048
6.60333 PacketSinkHelper 2048
6.61972 PacketSinkHelper 2048
6.6361 PacketSinkHelper 2048
6.65249 PacketSinkHelper 2048
6.66887 PacketSinkHelper 2048
6.68525 PacketSinkHelper 2048
6.70164 PacketSinkHelper 2048
6.71802 PacketSinkHelper 2048
6.7344 PacketSinkHelper 2048
6.75079 PacketSinkHelper 2048
6.76717 PacketSinkHelper 2048
6.78356 PacketSinkHelper 2048
6.79994 PacketSinkHelper 2048
6.81632 PacketSinkHelper 2048
6.83271 PacketSinkHelper 2048
6.84909 PacketSinkHelper 2048
6.86548 PacketSinkHelper 2048
6.88186 PacketSinkHelper 2048
6.89825 PacketSinkHelper 2048
6.91463 PacketSinkHelper 2048
6.93101 PacketSinkHelper 2048
6.9474 PacketSinkHelper 2048
6.96378 PacketSinkHelper 2048
6.98017 PacketSinkHelper 2048
6.99655 PacketSinkHelper 2048
7.01293 PacketSinkHelper 2048
7.02932 PacketSinkHelper 2048
7.0457 PacketSinkHelper 2048
7.06209 PacketSinkHelper 2048
7.07847 PacketSinkHelper 2048
7.09485 PacketSinkHelper 2048
7.11124 PacketSinkHelper 2048
7.12762 PacketSinkHelper 2048
7.14401 PacketSinkHelper 2048
7.16039 PacketSinkHelper 2048
7.17677 PacketSinkHelper 2048
7.19316 PacketSinkHelper 2048
7.20954 PacketSinkHelper 2048
7.22593 PacketSinkHelper 2048
7.24231 PacketSinkHelper 2048
7.25869 PacketSinkHelper 2048
7.27508 PacketSinkHelper 2048
7.29146 PacketSinkHelper 2048
7.30785 PacketSinkHelper 2048
7.32423 PacketSinkHelper 2048
7.34061 PacketSinkHelper 2048
7.357 PacketSinkHelper 2048
7.37338 PacketSinkHelper 2048
7.38977 PacketSinkHelper 2048
7.40615 PacketSinkHelper 2048
7.42253 PacketSinkHelper 2048
7.43892 PacketSinkHelper 2048
7.4553 PacketSinkHelper 2048
7.47169 PacketSinkHelper 2048
7.48807 PacketSinkHelper 2048
7.50445 PacketSinkHelper 2048
7.52084 PacketSinkHelper 2048
7.53722 PacketSinkHelper 2048
7.55361 PacketSinkHelper 2048
7.56999 PacketSinkHelper 2048
7.58637 PacketSinkHelper 2048
7.60276 PacketSinkHelper 2048
7.61914 PacketSinkHelper 2048
7.63553 PacketSinkHelper 2048
7.65191 PacketSinkHelper 2048
7.66829 PacketSinkHelper 2048
7.68468 PacketSinkHelper 2048
7.70106 PacketSinkHelper 2048
7.71745 PacketSinkHelper 2048
7.73383 PacketSinkHelper 2048
7.75021 PacketSinkHelper 2048
7.7666 PacketSinkHelper 2048
7.78298 PacketSinkHelper 2048
7.79937 PacketSinkHelper 2048
7.81575 PacketSinkHelper 2048
7.83213 PacketSinkHelper 2048
7.84852 PacketSinkHelper 2048
7.8649 PacketSinkHelper 2048
7.88129 PacketSinkHelper 2048
7.89767 PacketSinkHelper 2048
7.91405 PacketSinkHelper 2048
7.93044 PacketSinkHelper 2048
7.94682 PacketSinkHelper 2048
7.96321 PacketSinkHelper 2048
7.97959 PacketSinkHelper 2048
7.99597 PacketSinkHelper 2048
8.01236 PacketSinkHelper 2048
8.02874 PacketSinkHelper 2048
8.04513 PacketSinkHelper 2048
8.06151 PacketSinkHelper 2048
8.07789 PacketSinkHelper 2048
8.09428 PacketSinkHelper 2048
8.11066 PacketSinkHelper 2048
8.12705 PacketSinkHelper 2048
8.14343 PacketSinkHelper 2048
8.15982 PacketSinkHelper 2048
8.1762 PacketSinkHelper 2048
8.19258 PacketSinkHelper 2048
8.20897 PacketSinkHelper 2048
8.22535 PacketSinkHelper 2048
8.24174 PacketSinkHelper 2048
8.25812 PacketSinkHelper 2048
8.2745 PacketSinkHelper 2048
8.29089 PacketSinkHelper 2048
8.30727 PacketSinkHelper 2048
8.32366 PacketSinkHelper 2048
8.34004 PacketSinkHelper 2048
8.35642 PacketSinkHelper 2048
8.37281 PacketSinkHelper 2048
8.38919 PacketSinkHelper 2048
8.40558 PacketSinkHelper 2048
8.42196 PacketSinkHelper 2048
8.43834 PacketSinkHelper 2048
8.45473 PacketSinkHelper 2048
8.47111 PacketSinkHelper 2048
8.48749 PacketSinkHelper 2048
8.50388 PacketSinkHelper 2048
8.52026 PacketSinkHelper 2048
8.53665 PacketSinkHelper 2048
8.55303 PacketSinkHelper 2048
8.56941 PacketSinkHelper 2048
8.5858 PacketSinkHelper 2048
8.60218 PacketSinkHelper 2048
8.61857 PacketSinkHelper 2048
8.63495 PacketSinkHelper 2048
8.65133 PacketSinkHelper 2048
8.66772 PacketSinkHelper 2048
8.6841 PacketSinkHelper 2048
8.70049 PacketSinkHelper 2048
8.71687 PacketSinkHelper 2048
8.73325 PacketSinkHelper 2048
8.74964 PacketSinkHelper 2048
8.76602 PacketSinkHelper 2048
8.78241 PacketSinkHelper 2048
8.79879 PacketSinkHelper 2048
8.81517 PacketSinkHelper 2048
8.83156 PacketSinkHelper 2048
8.84794 PacketSinkHelper 2048
8.86433 PacketSinkHelper 2048
8.88071 PacketSinkHelper 2048
8.8971 PacketSinkHelper 2048
8.91348 PacketSinkHelper 2048
8.92986 PacketSinkHelper 2048
8.94625 PacketSinkHelper 2048
8.96263 PacketSinkHelper 2048
8.97902 PacketSinkHelper 2048
8.9954 PacketSinkHelper 2048
9.01178 PacketSinkHelper 2048
9.02817 PacketSinkHelper 2048
9.04455 PacketSinkHelper 2048
9.06094 PacketSinkHelper 2048
9.07732 PacketSinkHelper 2048
9.0937 PacketSinkHelper 2048
9.11009 PacketSinkHelper 2048
9.12647 PacketSinkHelper 2048
9.14286 PacketSinkHelper 2048
9.15924 PacketSinkHelper 2048
9.17562 PacketSinkHelper 2048
9.19201 PacketSinkHelper 2048
9.20839 PacketSinkHelper 2048
9.22478 PacketSinkHelper 2048
9.24116 PacketSinkHelper 2048
9.25754 PacketSinkHelper 2048
9.27393 PacketSinkHelper 2048
9.29031 PacketSinkHelper 2048
9.3067 PacketSinkHelper 2048
9.32308 PacketSinkHelper 2048
9.33946 PacketSinkHelper 2048
9.35585 PacketSinkHelper 2048
9.37223 PacketSinkHelper 2048
9.38862 PacketSinkHelper 2048
9.405 PacketSinkHelper 2048
9.42138 PacketSinkHelper 2048
9.43777 PacketSinkHelper 2048
9.45415 PacketSinkHelper 2048
9.47054 PacketSinkHelper 2048
9.48692 PacketSinkHelper 2048
9.5033 PacketSinkHelper 2048
9.51969 PacketSinkHelper 2048
9.53607 PacketSinkHelper 2048
9.55246 PacketSinkHelper 2048
9.56884 PacketSinkHelper 2048
9.58522 PacketSinkHelper 2048
9.60161 PacketSinkHelper 2048
9.61799 PacketSinkHelper 2048
9.63438 PacketSinkHelper 2048
9.65076 PacketSinkHelper 2048
9.66714 PacketSinkHelper 2048
9.68353 PacketSinkHelper 2048
9.69991 PacketSinkHelper 2048
9.7163 PacketSinkHelper 2048
9.73268 PacketSinkHelper 2048
9.74906 PacketSinkHelper 2048
9.76545 PacketSinkHelper 2048
9.78183 PacketSinkHelper 2048
9.79822 PacketSinkHelper 2048
9.8146 PacketSinkHelper 2048
9.83098 PacketSinkHelper 2048
9.84737 PacketSinkHelper 2048
9.86375 PacketSinkHelper 2048
9.88014 PacketSinkHelper 2048
9.89652 PacketSinkHelper 2048
9.9129 PacketSinkHelper 2048
9.92929 PacketSinkHelper 2048
9.94567 PacketSinkHelper 2048
9.96206 PacketSinkHelper 2048
9.97844 PacketSinkHelper 2048
9.99482 PacketSinkHelper 2048
